#
# There is insufficient memory for the Java Runtime Environment to continue.
# Native memory allocation (mmap) failed to map 150994944 bytes for G1 virtual space
# Possible reasons:
#   The system is out of physical RAM or swap space
#   The process is running with CompressedOops enabled, and the Java Heap may be blocking the growth of the native heap
# Possible solutions:
#   Reduce memory load on the system
#   Increase physical memory or swap space
#   Check if swap backing store is full
#   Decrease Java heap size (-Xmx/-Xms)
#   Decrease number of Java threads
#   Decrease Java thread stack sizes (-Xss)
#   Set larger code cache with -XX:ReservedCodeCacheSize=
#   JVM is running with Zero Based Compressed Oops mode in which the Java heap is
#     placed in the first 32GB address space. The Java Heap base address is the
#     maximum limit for the native heap growth. Please use -XX:HeapBaseMinAddress
#     to set the Java Heap base and to place the Java Heap above 32GB virtual address.
# This output file may be truncated or incomplete.
#
#  Out of Memory Error (os_windows.cpp:3600), pid=47972, tid=38244
#
# JRE version: OpenJDK Runtime Environment (21.0.1+12) (build 21.0.1+12-29)
# Java VM: OpenJDK 64-Bit Server VM (21.0.1+12-29, mixed mode, emulated-client, sharing, tiered, compressed oops, compressed class ptrs, g1 gc, windows-amd64)
# No core dump will be written. Minidumps are not enabled by default on client versions of Windows
#

---------------  S U M M A R Y ------------

Command Line: -XX:TieredStopAtLevel=1 -Dspring.output.ansi.enabled=always -Dcom.sun.management.jmxremote -Dspring.jmx.enabled=true -Dspring.liveBeansView.mbeanDomain -Dspring.application.admin.enabled=true -Dmanagement.endpoints.jmx.exposure.include=* -javaagent:C:\Program Files\JetBrains\IntelliJ IDEA 2023.3\lib\idea_rt.jar=62197:C:\Program Files\JetBrains\IntelliJ IDEA 2023.3\bin -Dfile.encoding=UTF-8 -Dsun.stdout.encoding=UTF-8 -Dsun.stderr.encoding=UTF-8 org.example.serviceelectro.ServiceElectroApplication

Host: 12th Gen Intel(R) Core(TM) i5-12500H, 16 cores, 23G,  Windows 11 , 64 bit Build 26100 (10.0.26100.7019)
Time: Fri Dec  5 20:26:44 2025 Afr. centrale Ouest elapsed time: 9.156618 seconds (0d 0h 0m 9s)

---------------  T H R E A D  ---------------

Current thread (0x0000014d1fda6d10):  VMThread "VM Thread"          [id=38244, stack(0x0000004080600000,0x0000004080700000) (1024K)]

Stack: [0x0000004080600000,0x0000004080700000]
Native frames: (J=compiled Java code, j=interpreted, Vv=VM code, C=native code)
V  [jvm.dll+0x6c9029]
V  [jvm.dll+0x854b81]
V  [jvm.dll+0x856e5e]
V  [jvm.dll+0x857543]
V  [jvm.dll+0x280c06]
V  [jvm.dll+0x6c5715]
V  [jvm.dll+0x6ba10a]
V  [jvm.dll+0x3557ea]
V  [jvm.dll+0x35d436]
V  [jvm.dll+0x3ae1be]
V  [jvm.dll+0x3ae468]
V  [jvm.dll+0x3291fc]
V  [jvm.dll+0x329287]
V  [jvm.dll+0x36db3c]
V  [jvm.dll+0x36c33d]
V  [jvm.dll+0x328971]
V  [jvm.dll+0x36ba4a]
V  [jvm.dll+0x85d048]
V  [jvm.dll+0x85e144]
V  [jvm.dll+0x85e680]
V  [jvm.dll+0x85e923]
V  [jvm.dll+0x7fd728]
V  [jvm.dll+0x6c777d]
C  [ucrtbase.dll+0x37b0]
C  [KERNEL32.DLL+0x2e8d7]
C  [ntdll.dll+0x8c53c]

VM_Operation (0x00000040ffff9910): G1CollectForAllocation, mode: safepoint, requested by thread 0x0000014d07f71bf0


---------------  P R O C E S S  ---------------

Threads class SMR info:
_java_thread_list=0x0000014d6863e510, length=27, elements={
0x0000014d07f71bf0, 0x0000014d1fdc32c0, 0x0000014d1fdc3d20, 0x0000014d1fdc4780,
0x0000014d1fdc8330, 0x0000014d1fdc8ec0, 0x0000014d1fdd1cc0, 0x0000014d1fdd79d0,
0x0000014d205fbe20, 0x0000014d206acfc0, 0x0000014d205fcbc0, 0x0000014d205fd960,
0x0000014d206adce0, 0x0000014d206ad650, 0x0000014d206ac930, 0x0000014d206ae370,
0x0000014d206ac2a0, 0x0000014d206ab580, 0x0000014d206aaef0, 0x0000014d205fd290,
0x0000014d205fa9b0, 0x0000014d205fb080, 0x0000014d205fb750, 0x0000014d670174a0,
0x0000014d6701afb0, 0x0000014d67017b30, 0x0000014d6701a920
}

Java Threads: ( => current thread )
  0x0000014d07f71bf0 JavaThread "main"                              [_thread_blocked, id=32448, stack(0x00000040fff00000,0x0000004100000000) (1024K)]
  0x0000014d1fdc32c0 JavaThread "Reference Handler"          daemon [_thread_blocked, id=26680, stack(0x0000004080700000,0x0000004080800000) (1024K)]
  0x0000014d1fdc3d20 JavaThread "Finalizer"                  daemon [_thread_blocked, id=15276, stack(0x0000004080800000,0x0000004080900000) (1024K)]
  0x0000014d1fdc4780 JavaThread "Signal Dispatcher"          daemon [_thread_blocked, id=47676, stack(0x0000004080900000,0x0000004080a00000) (1024K)]
  0x0000014d1fdc8330 JavaThread "Attach Listener"            daemon [_thread_blocked, id=32016, stack(0x0000004080a00000,0x0000004080b00000) (1024K)]
  0x0000014d1fdc8ec0 JavaThread "Service Thread"             daemon [_thread_blocked, id=47536, stack(0x0000004080b00000,0x0000004080c00000) (1024K)]
  0x0000014d1fdd1cc0 JavaThread "Monitor Deflation Thread"   daemon [_thread_blocked, id=48912, stack(0x0000004080c00000,0x0000004080d00000) (1024K)]
  0x0000014d1fdd79d0 JavaThread "C1 CompilerThread0"         daemon [_thread_blocked, id=44280, stack(0x0000004080d00000,0x0000004080e00000) (1024K)]
  0x0000014d205fbe20 JavaThread "C1 CompilerThread1"         daemon [_thread_blocked, id=45288, stack(0x0000004080e00000,0x0000004080f00000) (1024K)]
  0x0000014d206acfc0 JavaThread "Common-Cleaner"             daemon [_thread_blocked, id=28152, stack(0x0000004080f00000,0x0000004081000000) (1024K)]
  0x0000014d205fcbc0 JavaThread "C1 CompilerThread2"         daemon [_thread_blocked, id=41532, stack(0x0000004081000000,0x0000004081100000) (1024K)]
  0x0000014d205fd960 JavaThread "C1 CompilerThread3"         daemon [_thread_blocked, id=33032, stack(0x0000004081100000,0x0000004081200000) (1024K)]
  0x0000014d206adce0 JavaThread "Monitor Ctrl-Break"         daemon [_thread_in_native, id=45688, stack(0x0000004081200000,0x0000004081300000) (1024K)]
  0x0000014d206ad650 JavaThread "Notification Thread"        daemon [_thread_blocked, id=48980, stack(0x0000004081300000,0x0000004081400000) (1024K)]
  0x0000014d206ac930 JavaThread "RMI TCP Accept-0"           daemon [_thread_in_native, id=34704, stack(0x0000004081c00000,0x0000004081d00000) (1024K)]
  0x0000014d206ae370 JavaThread "RMI TCP Connection(1)-192.168.1.12" daemon [_thread_in_native, id=44344, stack(0x0000004081d00000,0x0000004081e00000) (1024K)]
  0x0000014d206ac2a0 JavaThread "RMI Scheduler(0)"           daemon [_thread_blocked, id=48172, stack(0x0000004081e00000,0x0000004081f00000) (1024K)]
  0x0000014d206ab580 JavaThread "JMX server connection timeout 42" daemon [_thread_blocked, id=9532, stack(0x0000004081f00000,0x0000004082000000) (1024K)]
  0x0000014d206aaef0 JavaThread "RMI TCP Connection(2)-192.168.1.12" daemon [_thread_in_native, id=52416, stack(0x0000004082200000,0x0000004082300000) (1024K)]
  0x0000014d205fd290 JavaThread "C1 CompilerThread4"         daemon [_thread_blocked, id=45036, stack(0x0000004082700000,0x0000004082800000) (1024K)]
  0x0000014d205fa9b0 JavaThread "C1 CompilerThread5"         daemon [_thread_blocked, id=40720, stack(0x0000004082800000,0x0000004082900000) (1024K)]
  0x0000014d205fb080 JavaThread "C1 CompilerThread6"         daemon [_thread_blocked, id=32256, stack(0x0000004082900000,0x0000004082a00000) (1024K)]
  0x0000014d205fb750 JavaThread "C1 CompilerThread7"         daemon [_thread_blocked, id=12420, stack(0x0000004082a00000,0x0000004082b00000) (1024K)]
  0x0000014d670174a0 JavaThread "Catalina-utility-1"                [_thread_blocked, id=47328, stack(0x0000004082300000,0x0000004082400000) (1024K)]
  0x0000014d6701afb0 JavaThread "Catalina-utility-2"                [_thread_blocked, id=47624, stack(0x0000004082f00000,0x0000004083000000) (1024K)]
  0x0000014d67017b30 JavaThread "container-0"                       [_thread_blocked, id=32544, stack(0x0000004083000000,0x0000004083100000) (1024K)]
  0x0000014d6701a920 JavaThread "mysql-cj-abandoned-connection-cleanup" daemon [_thread_blocked, id=41640, stack(0x0000004083100000,0x0000004083200000) (1024K)]
Total: 27

Other Threads:
=>0x0000014d1fda6d10 VMThread "VM Thread"                           [id=38244, stack(0x0000004080600000,0x0000004080700000) (1024K)]
  0x0000014d1fd8b6c0 WatcherThread "VM Periodic Task Thread"        [id=41112, stack(0x0000004080500000,0x0000004080600000) (1024K)]
  0x0000014d0a33de40 WorkerThread "GC Thread#0"                     [id=43364, stack(0x0000004080000000,0x0000004080100000) (1024K)]
  0x0000014d66426ae0 WorkerThread "GC Thread#1"                     [id=25668, stack(0x0000004081400000,0x0000004081500000) (1024K)]
  0x0000014d66436e60 WorkerThread "GC Thread#2"                     [id=50692, stack(0x0000004081500000,0x0000004081600000) (1024K)]
  0x0000014d664471e0 WorkerThread "GC Thread#3"                     [id=53132, stack(0x0000004081600000,0x0000004081700000) (1024K)]
  0x0000014d66447580 WorkerThread "GC Thread#4"                     [id=39132, stack(0x0000004081700000,0x0000004081800000) (1024K)]
  0x0000014d66447920 WorkerThread "GC Thread#5"                     [id=51904, stack(0x0000004081800000,0x0000004081900000) (1024K)]
  0x0000014d66448ee0 WorkerThread "GC Thread#6"                     [id=52596, stack(0x0000004081900000,0x0000004081a00000) (1024K)]
  0x0000014d6644d040 WorkerThread "GC Thread#7"                     [id=25672, stack(0x0000004081a00000,0x0000004081b00000) (1024K)]
  0x0000014d6644ba80 WorkerThread "GC Thread#8"                     [id=45260, stack(0x0000004081b00000,0x0000004081c00000) (1024K)]
  0x0000014d6644be20 WorkerThread "GC Thread#9"                     [id=26996, stack(0x0000004082000000,0x0000004082100000) (1024K)]
  0x0000014d6644cca0 WorkerThread "GC Thread#10"                    [id=25928, stack(0x0000004082100000,0x0000004082200000) (1024K)]
  0x0000014d66e4d590 WorkerThread "GC Thread#11"                    [id=7612, stack(0x0000004082b00000,0x0000004082c00000) (1024K)]
  0x0000014d66e4eb50 WorkerThread "GC Thread#12"                    [id=21424, stack(0x0000004082c00000,0x0000004082d00000) (1024K)]
  0x0000014d0a34aab0 ConcurrentGCThread "G1 Main Marker"            [id=15252, stack(0x0000004080100000,0x0000004080200000) (1024K)]
  0x0000014d0a34c340 WorkerThread "G1 Conc#0"                       [id=31688, stack(0x0000004080200000,0x0000004080300000) (1024K)]
  0x0000014d66e4bfd0 WorkerThread "G1 Conc#1"                       [id=20776, stack(0x0000004082d00000,0x0000004082e00000) (1024K)]
  0x0000014d66e4d930 WorkerThread "G1 Conc#2"                       [id=35376, stack(0x0000004082e00000,0x0000004082f00000) (1024K)]
  0x0000014d1fc58630 ConcurrentGCThread "G1 Refine#0"               [id=39024, stack(0x0000004080300000,0x0000004080400000) (1024K)]
  0x0000014d1fc590b0 ConcurrentGCThread "G1 Service"                [id=27664, stack(0x0000004080400000,0x0000004080500000) (1024K)]
Total: 21

Threads with active compile tasks:
Total: 0

VM state: at safepoint (normal execution)

VM Mutex/Monitor currently owned by a thread:  ([mutex/lock_event])
[0x00007ffa0de7a5f8] Threads_lock - owner thread: 0x0000014d1fda6d10
[0x00007ffa0de7a6f8] Heap_lock - owner thread: 0x0000014d07f71bf0

Heap address: 0x0000000685000000, size: 6064 MB, Compressed Oops mode: Zero based, Oop shift amount: 3

CDS archive(s) mapped at: [0x0000014d21000000-0x0000014d21c90000-0x0000014d21c90000), size 13172736, SharedBaseAddress: 0x0000014d21000000, ArchiveRelocationMode: 1.
Compressed class space mapped at: 0x0000014d22000000-0x0000014d62000000, reserved size: 1073741824
Narrow klass base: 0x0000014d21000000, Narrow klass shift: 0, Narrow klass range: 0x100000000

GC Precious Log:
 CardTable entry size: 512
 Card Set container configuration: InlinePtr #cards 4 size 8 Array Of Cards #cards 32 size 80 Howl #buckets 8 coarsen threshold 7372 Howl Bitmap #cards 1024 size 144 coarsen threshold 921 Card regions per heap region 1 cards per card region 8192
 CPUs: 16 total, 16 available
 Memory: 24243M
 Large Page Support: Disabled
 NUMA Support: Disabled
 Compressed Oops: Enabled (Zero based)
 Heap Region Size: 4M
 Heap Min Capacity: 8M
 Heap Initial Capacity: 380M
 Heap Max Capacity: 6064M
 Pre-touch: Disabled
 Parallel Workers: 13
 Concurrent Workers: 3
 Concurrent Refinement Workers: 13
 Periodic GC: Disabled

Heap:
 garbage-first heap   total 94208K, used 28181K [0x0000000685000000, 0x0000000800000000)
  region size 4096K, 2 young (8192K), 2 survivors (8192K)
 Metaspace       used 44875K, committed 45568K, reserved 1114112K
  class space    used 6419K, committed 6720K, reserved 1048576K

Heap Regions: E=young(eden), S=young(survivor), O=old, HS=humongous(starts), HC=humongous(continues), CS=collection set, F=free, TAMS=top-at-mark-start, PB=parsable bottom
|   0|0x0000000685000000, 0x0000000685400000, 0x0000000685400000|100%| O|  |TAMS 0x0000000685000000| PB 0x0000000685000000| Untracked 
|   1|0x0000000685400000, 0x0000000685800000, 0x0000000685800000|100%| O|  |TAMS 0x0000000685400000| PB 0x0000000685400000| Untracked 
|   2|0x0000000685800000, 0x000000068599bc98, 0x0000000685c00000| 40%| O|  |TAMS 0x0000000685800000| PB 0x0000000685800000| Untracked 
|   3|0x0000000685c00000, 0x0000000686000000, 0x0000000686000000|100%| O|  |TAMS 0x0000000685c00000| PB 0x0000000685c00000| Untracked 
|   4|0x0000000686000000, 0x0000000686400000, 0x0000000686400000|100%| O|  |TAMS 0x0000000686000000| PB 0x0000000686000000| Untracked 
|   5|0x0000000686400000, 0x0000000686800000, 0x0000000686800000|100%| O|  |TAMS 0x0000000686400000| PB 0x0000000686400000| Untracked 
|   6|0x0000000686800000, 0x0000000686800000, 0x0000000686c00000|  0%| F|  |TAMS 0x0000000686800000| PB 0x0000000686800000| Untracked 
|   7|0x0000000686c00000, 0x0000000686c00000, 0x0000000687000000|  0%| F|  |TAMS 0x0000000686c00000| PB 0x0000000686c00000| Untracked 
|   8|0x0000000687000000, 0x0000000687000000, 0x0000000687400000|  0%| F|  |TAMS 0x0000000687000000| PB 0x0000000687000000| Untracked 
|   9|0x0000000687400000, 0x0000000687400000, 0x0000000687800000|  0%| F|  |TAMS 0x0000000687400000| PB 0x0000000687400000| Untracked 
|  10|0x0000000687800000, 0x00000006879e9a00, 0x0000000687c00000| 47%| S|CS|TAMS 0x0000000687800000| PB 0x0000000687800000| Complete 
|  11|0x0000000687c00000, 0x0000000688000000, 0x0000000688000000|100%| S|CS|TAMS 0x0000000687c00000| PB 0x0000000687c00000| Complete 
|  12|0x0000000688000000, 0x0000000688000000, 0x0000000688400000|  0%| F|  |TAMS 0x0000000688000000| PB 0x0000000688000000| Untracked 
|  13|0x0000000688400000, 0x0000000688400000, 0x0000000688800000|  0%| F|  |TAMS 0x0000000688400000| PB 0x0000000688400000| Untracked 
|  14|0x0000000688800000, 0x0000000688800000, 0x0000000688c00000|  0%| F|  |TAMS 0x0000000688800000| PB 0x0000000688800000| Untracked 
|  15|0x0000000688c00000, 0x0000000688c00000, 0x0000000689000000|  0%| F|  |TAMS 0x0000000688c00000| PB 0x0000000688c00000| Untracked 
|  16|0x0000000689000000, 0x0000000689000000, 0x0000000689400000|  0%| F|  |TAMS 0x0000000689000000| PB 0x0000000689000000| Untracked 
|  17|0x0000000689400000, 0x0000000689400000, 0x0000000689800000|  0%| F|  |TAMS 0x0000000689400000| PB 0x0000000689400000| Untracked 
|  18|0x0000000689800000, 0x0000000689800000, 0x0000000689c00000|  0%| F|  |TAMS 0x0000000689800000| PB 0x0000000689800000| Untracked 
|  19|0x0000000689c00000, 0x0000000689c00000, 0x000000068a000000|  0%| F|  |TAMS 0x0000000689c00000| PB 0x0000000689c00000| Untracked 
|  80|0x0000000699000000, 0x0000000699000000, 0x0000000699400000|  0%| F|  |TAMS 0x0000000699000000| PB 0x0000000699000000| Untracked 
|  81|0x0000000699400000, 0x0000000699400000, 0x0000000699800000|  0%| F|  |TAMS 0x0000000699400000| PB 0x0000000699400000| Untracked 
|  94|0x000000069c800000, 0x000000069c800000, 0x000000069cc00000|  0%| F|  |TAMS 0x000000069c800000| PB 0x000000069c800000| Untracked 

Card table byte_map: [0x0000014d16930000,0x0000014d17510000] _byte_map_base: 0x0000014d13508000

Marking Bits: (CMBitMap*) 0x0000014d0a33e450
 Bits: [0x0000014d17510000, 0x0000014d1d3d0000)

Polling page: 0x0000014d081f0000

Metaspace:

Usage:
  Non-class:     37.56 MB used.
      Class:      6.27 MB used.
       Both:     43.82 MB used.

Virtual space:
  Non-class space:       64.00 MB reserved,      37.94 MB ( 59%) committed,  1 nodes.
      Class space:        1.00 GB reserved,       6.56 MB ( <1%) committed,  1 nodes.
             Both:        1.06 GB reserved,      44.50 MB (  4%) committed. 

Chunk freelists:
   Non-Class:  10.03 MB
       Class:  9.30 MB
        Both:  19.33 MB

MaxMetaspaceSize: unlimited
CompressedClassSpaceSize: 1.00 GB
Initial GC threshold: 21.00 MB
Current GC threshold: 52.31 MB
CDS: on
 - commit_granule_bytes: 65536.
 - commit_granule_words: 8192.
 - virtual_space_node_default_size: 8388608.
 - enlarge_chunks_in_place: 1.
 - use_allocation_guard: 0.


Internal statistics:

num_allocs_failed_limit: 3.
num_arena_births: 892.
num_arena_deaths: 0.
num_vsnodes_births: 2.
num_vsnodes_deaths: 0.
num_space_committed: 712.
num_space_uncommitted: 0.
num_chunks_returned_to_freelist: 3.
num_chunks_taken_from_freelist: 2488.
num_chunk_merges: 3.
num_chunk_splits: 1775.
num_chunks_enlarged: 1306.
num_inconsistent_stats: 0.

CodeCache: size=49152Kb used=13548Kb max_used=13548Kb free=35603Kb
 bounds [0x0000014d126f0000, 0x0000014d13430000, 0x0000014d156f0000]
 total_blobs=5752 nmethods=5167 adapters=500
 compilation: enabled
              stopped_count=0, restarted_count=0
 full_count=0

Compilation events (20 events):
Event: 9.125 Thread 0x0000014d205fd290 5206       1       net.bytebuddy.jar.asm.ClassReader::readUnsignedShort (26 bytes)
Event: 9.126 Thread 0x0000014d205fd290 nmethod 5206 0x0000014d13427c90 code [0x0000014d13427e20, 0x0000014d13427f50]
Event: 9.126 Thread 0x0000014d205fb080 5207       1       java.util.AbstractList::iterator (9 bytes)
Event: 9.126 Thread 0x0000014d205fb080 nmethod 5207 0x0000014d13428010 code [0x0000014d134281a0, 0x0000014d13428328]
Event: 9.129 Thread 0x0000014d205fbe20 5208       1       net.bytebuddy.description.method.MethodDescription$ForLoadedMethod::getDeclaringType (14 bytes)
Event: 9.129 Thread 0x0000014d205fbe20 nmethod 5208 0x0000014d13428390 code [0x0000014d13428560, 0x0000014d13428828]
Event: 9.130 Thread 0x0000014d1fdd79d0 5209       1       java.lang.invoke.DirectMethodHandle$Holder::invokeStatic (14 bytes)
Event: 9.130 Thread 0x0000014d1fdd79d0 nmethod 5209 0x0000014d13428990 code [0x0000014d13428b40, 0x0000014d13428c68]
Event: 9.130 Thread 0x0000014d205fd960 5210       1       java.lang.reflect.Executable::sharedGetParameterAnnotations (96 bytes)
Event: 9.130 Thread 0x0000014d205fbe20 5211       1       net.bytebuddy.description.type.TypeDescription$AbstractBase::equals (60 bytes)
Event: 9.130 Thread 0x0000014d205fcbc0 5212       1       net.bytebuddy.description.type.TypeDefinition$Sort::isNonGeneric (13 bytes)
Event: 9.130 Thread 0x0000014d1fdd79d0 5213       1       net.bytebuddy.description.type.TypeDescription$Generic$LazyProjection$WithEagerNavigation$OfAnnotatedElement::<init> (5 bytes)
Event: 9.130 Thread 0x0000014d205fd290 5214       1       net.bytebuddy.description.type.TypeDescription$Generic$LazyProjection$WithEagerNavigation::<init> (5 bytes)
Event: 9.130 Thread 0x0000014d205fb750 5215       1       net.bytebuddy.description.type.TypeDescription$Generic$LazyProjection::<init> (5 bytes)
Event: 9.130 Thread 0x0000014d205fcbc0 nmethod 5212 0x0000014d13428d90 code [0x0000014d13428f20, 0x0000014d13429008]
Event: 9.131 Thread 0x0000014d1fdd79d0 nmethod 5213 0x0000014d13429090 code [0x0000014d13429220, 0x0000014d134292e8]
Event: 9.131 Thread 0x0000014d205fd290 nmethod 5214 0x0000014d13429390 code [0x0000014d13429520, 0x0000014d134295e8]
Event: 9.131 Thread 0x0000014d205fb750 nmethod 5215 0x0000014d13429690 code [0x0000014d13429820, 0x0000014d134298e8]
Event: 9.131 Thread 0x0000014d205fd960 nmethod 5210 0x0000014d13429990 code [0x0000014d13429be0, 0x0000014d1342a330]
Event: 9.131 Thread 0x0000014d205fbe20 nmethod 5211 0x0000014d1342a710 code [0x0000014d1342a940, 0x0000014d1342adc8]

GC Heap History (15 events):
Event: 5.274 GC heap before
{Heap before GC invocations=0 (full 0):
 garbage-first heap   total 389120K, used 20480K [0x0000000685000000, 0x0000000800000000)
  region size 4096K, 5 young (20480K), 0 survivors (0K)
 Metaspace       used 4445K, committed 4672K, reserved 1114112K
  class space    used 516K, committed 640K, reserved 1048576K
}
Event: 5.277 GC heap after
{Heap after GC invocations=1 (full 0):
 garbage-first heap   total 389120K, used 8427K [0x0000000685000000, 0x0000000800000000)
  region size 4096K, 1 young (4096K), 1 survivors (4096K)
 Metaspace       used 4445K, committed 4672K, reserved 1114112K
  class space    used 516K, committed 640K, reserved 1048576K
}
Event: 5.642 GC heap before
{Heap before GC invocations=1 (full 0):
 garbage-first heap   total 389120K, used 20715K [0x0000000685000000, 0x0000000800000000)
  region size 4096K, 4 young (16384K), 1 survivors (4096K)
 Metaspace       used 8653K, committed 8960K, reserved 1114112K
  class space    used 1078K, committed 1216K, reserved 1048576K
}
Event: 5.645 GC heap after
{Heap after GC invocations=2 (full 0):
 garbage-first heap   total 389120K, used 9775K [0x0000000685000000, 0x0000000800000000)
  region size 4096K, 1 young (4096K), 1 survivors (4096K)
 Metaspace       used 8653K, committed 8960K, reserved 1114112K
  class space    used 1078K, committed 1216K, reserved 1048576K
}
Event: 6.353 GC heap before
{Heap before GC invocations=2 (full 0):
 garbage-first heap   total 389120K, used 54831K [0x0000000685000000, 0x0000000800000000)
  region size 4096K, 13 young (53248K), 1 survivors (4096K)
 Metaspace       used 18810K, committed 19200K, reserved 1114112K
  class space    used 2589K, committed 2752K, reserved 1048576K
}
Event: 6.356 GC heap after
{Heap after GC invocations=3 (full 0):
 garbage-first heap   total 389120K, used 13448K [0x0000000685000000, 0x0000000800000000)
  region size 4096K, 2 young (8192K), 2 survivors (8192K)
 Metaspace       used 18810K, committed 19200K, reserved 1114112K
  class space    used 2589K, committed 2752K, reserved 1048576K
}
Event: 6.956 GC heap before
{Heap before GC invocations=4 (full 0):
 garbage-first heap   total 81920K, used 70792K [0x0000000685000000, 0x0000000800000000)
  region size 4096K, 17 young (69632K), 2 survivors (8192K)
 Metaspace       used 25598K, committed 25984K, reserved 1114112K
  class space    used 3519K, committed 3712K, reserved 1048576K
}
Event: 6.961 GC heap after
{Heap after GC invocations=5 (full 0):
 garbage-first heap   total 94208K, used 18798K [0x0000000685000000, 0x0000000800000000)
  region size 4096K, 3 young (12288K), 3 survivors (12288K)
 Metaspace       used 25598K, committed 25984K, reserved 1114112K
  class space    used 3519K, committed 3712K, reserved 1048576K
}
Event: 7.500 GC heap before
{Heap before GC invocations=5 (full 0):
 garbage-first heap   total 94208K, used 59758K [0x0000000685000000, 0x0000000800000000)
  region size 4096K, 13 young (53248K), 3 survivors (12288K)
 Metaspace       used 29743K, committed 30272K, reserved 1114112K
  class space    used 4156K, committed 4416K, reserved 1048576K
}
Event: 7.507 GC heap after
{Heap after GC invocations=6 (full 0):
 garbage-first heap   total 94208K, used 21521K [0x0000000685000000, 0x0000000800000000)
  region size 4096K, 1 young (4096K), 1 survivors (4096K)
 Metaspace       used 29743K, committed 30272K, reserved 1114112K
  class space    used 4156K, committed 4416K, reserved 1048576K
}
Event: 7.723 GC heap before
{Heap before GC invocations=6 (full 0):
 garbage-first heap   total 94208K, used 29713K [0x0000000685000000, 0x0000000800000000)
  region size 4096K, 4 young (16384K), 1 survivors (4096K)
 Metaspace       used 31470K, committed 32000K, reserved 1114112K
  class space    used 4425K, committed 4672K, reserved 1048576K
}
Event: 7.728 GC heap after
{Heap after GC invocations=7 (full 0):
 garbage-first heap   total 94208K, used 22465K [0x0000000685000000, 0x0000000800000000)
  region size 4096K, 1 young (4096K), 1 survivors (4096K)
 Metaspace       used 31470K, committed 32000K, reserved 1114112K
  class space    used 4425K, committed 4672K, reserved 1048576K
}
Event: 8.465 GC heap before
{Heap before GC invocations=8 (full 0):
 garbage-first heap   total 94208K, used 71617K [0x0000000685000000, 0x0000000800000000)
  region size 4096K, 13 young (53248K), 1 survivors (4096K)
 Metaspace       used 37584K, committed 38144K, reserved 1114112K
  class space    used 5258K, committed 5504K, reserved 1048576K
}
Event: 8.476 GC heap after
{Heap after GC invocations=9 (full 0):
 garbage-first heap   total 94208K, used 25863K [0x0000000685000000, 0x0000000800000000)
  region size 4096K, 2 young (8192K), 2 survivors (8192K)
 Metaspace       used 37584K, committed 38144K, reserved 1114112K
  class space    used 5258K, committed 5504K, reserved 1048576K
}
Event: 9.150 GC heap before
{Heap before GC invocations=9 (full 0):
 garbage-first heap   total 94208K, used 70919K [0x0000000685000000, 0x0000000800000000)
  region size 4096K, 13 young (53248K), 2 survivors (8192K)
 Metaspace       used 44875K, committed 45568K, reserved 1114112K
  class space    used 6419K, committed 6720K, reserved 1048576K
}

Dll operation events (13 events):
Event: 0.006 Loaded shared library C:\Users\amine\.jdks\openjdk-21.0.1\bin\java.dll
Event: 0.089 Loaded shared library C:\Users\amine\.jdks\openjdk-21.0.1\bin\zip.dll
Event: 0.092 Loaded shared library C:\Users\amine\.jdks\openjdk-21.0.1\bin\instrument.dll
Event: 0.095 Loaded shared library C:\Users\amine\.jdks\openjdk-21.0.1\bin\net.dll
Event: 0.096 Loaded shared library C:\Users\amine\.jdks\openjdk-21.0.1\bin\nio.dll
Event: 0.098 Loaded shared library C:\Users\amine\.jdks\openjdk-21.0.1\bin\zip.dll
Event: 0.137 Loaded shared library C:\Users\amine\.jdks\openjdk-21.0.1\bin\jimage.dll
Event: 5.002 Loaded shared library C:\Program Files\JetBrains\IntelliJ IDEA 2023.3\bin\breakgen64.dll
Event: 5.010 Loaded shared library C:\Users\amine\.jdks\openjdk-21.0.1\bin\extnet.dll
Event: 5.015 Loaded shared library C:\Users\amine\.jdks\openjdk-21.0.1\bin\management.dll
Event: 5.025 Loaded shared library C:\Users\amine\.jdks\openjdk-21.0.1\bin\management_ext.dll
Event: 6.583 Loaded shared library C:\Users\amine\.jdks\openjdk-21.0.1\bin\sunmscapi.dll
Event: 9.031 Loaded shared library C:\Users\amine\.jdks\openjdk-21.0.1\bin\verify.dll

Deoptimization events (10 events):
Event: 5.169 Thread 0x0000014d1fdc8330 DEOPT PACKING pc=0x0000014d12b76c5d sp=0x0000004080afd400
Event: 5.170 Thread 0x0000014d1fdc8330 DEOPT UNPACKING pc=0x0000014d12744e42 sp=0x0000004080afc8b0 mode 3
Event: 5.178 Thread 0x0000014d1fdc8330 DEOPT PACKING pc=0x0000014d12b5d9e0 sp=0x0000004080afd300
Event: 5.178 Thread 0x0000014d1fdc8330 DEOPT UNPACKING pc=0x0000014d12744e42 sp=0x0000004080afc7b8 mode 3
Event: 6.139 Thread 0x0000014d07f71bf0 DEOPT PACKING pc=0x0000014d12d252e1 sp=0x00000040ffffd090
Event: 6.139 Thread 0x0000014d07f71bf0 DEOPT UNPACKING pc=0x0000014d12744e42 sp=0x00000040ffffc570 mode 3
Event: 7.888 Thread 0x0000014d07f71bf0 DEOPT PACKING pc=0x0000014d132e19e0 sp=0x00000040ffffdda0
Event: 7.888 Thread 0x0000014d07f71bf0 DEOPT UNPACKING pc=0x0000014d12744e42 sp=0x00000040ffffd348 mode 0
Event: 8.171 Thread 0x0000014d07f71bf0 DEOPT PACKING pc=0x0000014d133956a5 sp=0x00000040ffffd2b0
Event: 8.171 Thread 0x0000014d07f71bf0 DEOPT UNPACKING pc=0x0000014d12744e42 sp=0x00000040ffffc818 mode 3

Classes loaded (20 events):
Event: 8.735 Loading class java/lang/instrument/ClassFileTransformer
Event: 8.735 Loading class java/lang/instrument/ClassFileTransformer done
Event: 8.968 Loading class javax/xml/stream/XMLEventReader
Event: 8.968 Loading class javax/xml/stream/XMLEventReader done
Event: 8.968 Loading class javax/xml/stream/XMLResolver
Event: 8.969 Loading class javax/xml/stream/XMLResolver done
Event: 8.971 Loading class javax/xml/stream/XMLEventFactory
Event: 8.971 Loading class javax/xml/stream/XMLEventFactory done
Event: 8.971 Loading class javax/xml/stream/FactoryFinder
Event: 8.972 Loading class javax/xml/stream/FactoryFinder done
Event: 8.972 Loading class javax/xml/stream/FactoryFinder$1
Event: 8.973 Loading class javax/xml/stream/FactoryFinder$1 done
Event: 8.973 Loading class com/sun/xml/internal/stream/events/XMLEventFactoryImpl
Event: 8.974 Loading class com/sun/xml/internal/stream/events/XMLEventFactoryImpl done
Event: 9.001 Loading class java/lang/Process
Event: 9.001 Loading class java/lang/Process done
Event: 9.011 Loading class java/lang/reflect/GenericSignatureFormatError
Event: 9.011 Loading class java/lang/reflect/GenericSignatureFormatError done
Event: 9.033 Loading class java/io/Console
Event: 9.033 Loading class java/io/Console done

Classes unloaded (0 events):
No events

Classes redefined (0 events):
No events

Internal exceptions (20 events):
Event: 7.919 Thread 0x0000014d07f71bf0 Exception <a 'java/lang/NoSuchMethodError'{0x00000006992a7e08}: 'java.lang.Object java.lang.invoke.DirectMethodHandle$Holder.invokeVirtual(java.lang.Object, java.lang.Object, java.lang.Object, java.lang.Object, java.lang.Object)'> (0x00000006992a7e08) 
thrown [s\open\src\hotspot\share\interpreter\linkResolver.cpp, line 773]
Event: 7.973 Thread 0x0000014d07f71bf0 Exception <a 'java/lang/NoSuchMethodError'{0x0000000689ab56c0}: 'java.lang.Object java.lang.invoke.DirectMethodHandle$Holder.invokeVirtual(java.lang.Object, java.lang.Object, java.lang.Object, java.lang.Object, java.lang.Object, java.lang.Object)'> (0x0000000689ab56c0) 
thrown [s\open\src\hotspot\share\interpreter\linkResolver.cpp, line 773]
Event: 8.013 Thread 0x0000014d07f71bf0 Exception <a 'java/lang/NoSuchMethodError'{0x00000006895c4180}: 'void java.lang.invoke.DirectMethodHandle$Holder.invokeInterface(java.lang.Object, java.lang.Object, int)'> (0x00000006895c4180) 
thrown [s\open\src\hotspot\share\interpreter\linkResolver.cpp, line 773]
Event: 8.014 Thread 0x0000014d07f71bf0 Exception <a 'java/lang/IncompatibleClassChangeError'{0x0000000689607120}: Found class java.lang.Object, but interface was expected> (0x0000000689607120) 
thrown [s\open\src\hotspot\share\interpreter\linkResolver.cpp, line 840]
Event: 8.015 Thread 0x0000014d07f71bf0 Exception <a 'java/lang/NoSuchMethodError'{0x0000000689624270}: 'void java.lang.invoke.DirectMethodHandle$Holder.invokeStatic(java.lang.Object, int, java.lang.Object)'> (0x0000000689624270) 
thrown [s\open\src\hotspot\share\interpreter\linkResolver.cpp, line 773]
Event: 8.017 Thread 0x0000014d07f71bf0 Exception <a 'java/lang/NoSuchMethodError'{0x000000068967ba18}: 'void java.lang.invoke.DirectMethodHandle$Holder.invokeStatic(java.lang.Object, java.lang.Object, java.lang.Object, int, java.lang.Object)'> (0x000000068967ba18) 
thrown [s\open\src\hotspot\share\interpreter\linkResolver.cpp, line 773]
Event: 8.017 Thread 0x0000014d07f71bf0 Exception <a 'java/lang/NoSuchMethodError'{0x0000000689682258}: 'java.lang.Object java.lang.invoke.DirectMethodHandle$Holder.newInvokeSpecial(java.lang.Object, java.lang.Object, java.lang.Object, int)'> (0x0000000689682258) 
thrown [s\open\src\hotspot\share\interpreter\linkResolver.cpp, line 773]
Event: 8.017 Thread 0x0000014d07f71bf0 Exception <a 'java/lang/NoSuchMethodError'{0x00000006896860d8}: 'java.lang.Object java.lang.invoke.DirectMethodHandle$Holder.invokeSpecial(java.lang.Object, java.lang.Object, java.lang.Object, java.lang.Object, int)'> (0x00000006896860d8) 
thrown [s\open\src\hotspot\share\interpreter\linkResolver.cpp, line 773]
Event: 8.017 Thread 0x0000014d07f71bf0 Exception <a 'java/lang/NoSuchMethodError'{0x0000000689689560}: 'java.lang.Object java.lang.invoke.Invokers$Holder.linkToTargetMethod(java.lang.Object, java.lang.Object, int, java.lang.Object)'> (0x0000000689689560) 
thrown [s\open\src\hotspot\share\interpreter\linkResolver.cpp, line 773]
Event: 8.217 Thread 0x0000014d07f71bf0 Exception <a 'java/lang/NoSuchMethodError'{0x0000000688487ff0}: 'int java.lang.invoke.DirectMethodHandle$Holder.invokeVirtual(java.lang.Object, java.lang.Object, java.lang.Object, java.lang.Object)'> (0x0000000688487ff0) 
thrown [s\open\src\hotspot\share\interpreter\linkResolver.cpp, line 773]
Event: 8.217 Thread 0x0000014d07f71bf0 Exception <a 'java/lang/NoSuchMethodError'{0x000000068848b870}: 'int java.lang.invoke.DelegatingMethodHandle$Holder.reinvoke_L(java.lang.Object, java.lang.Object, java.lang.Object, java.lang.Object)'> (0x000000068848b870) 
thrown [s\open\src\hotspot\share\interpreter\linkResolver.cpp, line 773]
Event: 8.246 Thread 0x0000014d07f71bf0 Exception <a 'java/io/FileNotFoundException'{0x00000006885a5568}> (0x00000006885a5568) 
thrown [s\open\src\hotspot\share\prims\jni.cpp, line 520]
Event: 8.304 Thread 0x0000014d07f71bf0 Exception <a 'java/lang/NoSuchMethodError'{0x0000000688079950}: 'int java.lang.invoke.DirectMethodHandle$Holder.invokeInterface(java.lang.Object, java.lang.Object, java.lang.Object, java.lang.Object)'> (0x0000000688079950) 
thrown [s\open\src\hotspot\share\interpreter\linkResolver.cpp, line 773]
Event: 8.373 Thread 0x0000014d07f71bf0 Exception <a 'java/lang/NoSuchMethodError'{0x0000000687c69658}: 'java.lang.Object java.lang.invoke.DirectMethodHandle$Holder.invokeStaticInit(java.lang.Object, java.lang.Object, java.lang.Object, java.lang.Object)'> (0x0000000687c69658) 
thrown [s\open\src\hotspot\share\interpreter\linkResolver.cpp, line 773]
Event: 8.375 Thread 0x0000014d07f71bf0 Exception <a 'java/lang/IncompatibleClassChangeError'{0x0000000687c7b318}: Found class java.lang.Object, but interface was expected> (0x0000000687c7b318) 
thrown [s\open\src\hotspot\share\interpreter\linkResolver.cpp, line 840]
Event: 8.376 Thread 0x0000014d07f71bf0 Exception <a 'java/lang/IncompatibleClassChangeError'{0x0000000687c87838}: Found class java.lang.Object, but interface was expected> (0x0000000687c87838) 
thrown [s\open\src\hotspot\share\interpreter\linkResolver.cpp, line 840]
Event: 8.378 Thread 0x0000014d07f71bf0 Exception <a 'java/lang/IncompatibleClassChangeError'{0x0000000687cb11a8}: Found class java.lang.Object, but interface was expected> (0x0000000687cb11a8) 
thrown [s\open\src\hotspot\share\interpreter\linkResolver.cpp, line 840]
Event: 8.530 Thread 0x0000014d07f71bf0 Exception <a 'java/lang/NoSuchMethodError'{0x000000069cb59578}: 'void java.lang.invoke.Invokers$Holder.invokeExact_MT(java.lang.Object, java.lang.Object, java.lang.Object, java.lang.Object)'> (0x000000069cb59578) 
thrown [s\open\src\hotspot\share\interpreter\linkResolver.cpp, line 773]
Event: 8.682 Thread 0x0000014d07f71bf0 Exception <a 'java/lang/NoSuchMethodError'{0x0000000689ff7038}: 'java.lang.Object java.lang.invoke.DirectMethodHandle$Holder.newInvokeSpecial(java.lang.Object, java.lang.Object, java.lang.Object, java.lang.Object, java.lang.Object, java.lang.Object, java.lang.Object, java.lang.Object, java.lang.Object, java.lang.Object, java.lang.Object)'> (0x0000000689ff7038) 
thrown [s\open\src\hotspot\share\interpreter\linkResolver.cpp, line 773]
Event: 8.757 Thread 0x0000014d07f71bf0 Exception <a 'java/lang/NoSuchMethodError'{0x0000000689554fe8}: 'void java.lang.invoke.DelegatingMethodHandle$Holder.reinvoke_L(java.lang.Object, java.lang.Object, java.lang.Object, java.lang.Object, int, java.lang.Object, java.lang.Object, java.lang.Object)'> (0x0000000689554fe8) 
thrown [s\open\src\hotspot\share\interpreter\linkResolver.cpp, line 773]

ZGC Phase Switch (0 events):
No events

VM Operations (20 events):
Event: 8.272 Executing VM operation: HandshakeAllThreads (Deoptimize) done
Event: 8.457 Executing VM operation: HandshakeAllThreads (Deoptimize)
Event: 8.457 Executing VM operation: HandshakeAllThreads (Deoptimize) done
Event: 8.458 Executing VM operation: HandshakeAllThreads (Deoptimize)
Event: 8.458 Executing VM operation: HandshakeAllThreads (Deoptimize) done
Event: 8.459 Executing VM operation: ICBufferFull
Event: 8.459 Executing VM operation: ICBufferFull done
Event: 8.465 Executing VM operation: G1CollectForAllocation (G1 Evacuation Pause)
Event: 8.476 Executing VM operation: G1CollectForAllocation (G1 Evacuation Pause) done
Event: 8.522 Executing VM operation: HandshakeAllThreads (Deoptimize)
Event: 8.522 Executing VM operation: HandshakeAllThreads (Deoptimize) done
Event: 8.561 Executing VM operation: HandshakeAllThreads (Deoptimize)
Event: 8.561 Executing VM operation: HandshakeAllThreads (Deoptimize) done
Event: 8.562 Executing VM operation: HandshakeAllThreads (Deoptimize)
Event: 8.562 Executing VM operation: HandshakeAllThreads (Deoptimize) done
Event: 8.597 Executing VM operation: HandshakeAllThreads (Deoptimize)
Event: 8.597 Executing VM operation: HandshakeAllThreads (Deoptimize) done
Event: 8.812 Executing VM operation: HandshakeAllThreads (Deoptimize)
Event: 8.812 Executing VM operation: HandshakeAllThreads (Deoptimize) done
Event: 9.150 Executing VM operation: G1CollectForAllocation (G1 Evacuation Pause)

Events (20 events):
Event: 7.739 Thread 0x0000014d1fda6d10 flushing nmethod 0x0000014d12ad0190
Event: 7.739 Thread 0x0000014d1fda6d10 flushing nmethod 0x0000014d12a96e10
Event: 7.739 Thread 0x0000014d1fda6d10 flushing nmethod 0x0000014d12a84390
Event: 7.739 Thread 0x0000014d1fda6d10 flushing nmethod 0x0000014d12a68e90
Event: 7.739 Thread 0x0000014d1fda6d10 flushing nmethod 0x0000014d12a65390
Event: 7.739 Thread 0x0000014d1fda6d10 flushing nmethod 0x0000014d12a64f10
Event: 7.739 Thread 0x0000014d1fda6d10 flushing nmethod 0x0000014d12a4b410
Event: 7.739 Thread 0x0000014d1fda6d10 flushing nmethod 0x0000014d12a4ae10
Event: 7.739 Thread 0x0000014d1fda6d10 flushing nmethod 0x0000014d12a49e10
Event: 7.739 Thread 0x0000014d1fda6d10 flushing nmethod 0x0000014d12a49910
Event: 7.739 Thread 0x0000014d1fda6d10 flushing nmethod 0x0000014d12a49390
Event: 7.739 Thread 0x0000014d1fda6d10 flushing nmethod 0x0000014d12a5d490
Event: 7.739 Thread 0x0000014d1fda6d10 flushing nmethod 0x0000014d12a46a90
Event: 7.739 Thread 0x0000014d1fda6d10 flushing nmethod 0x0000014d12a34c90
Event: 7.739 Thread 0x0000014d1fda6d10 flushing nmethod 0x0000014d12a40e10
Event: 7.739 Thread 0x0000014d1fda6d10 flushing nmethod 0x0000014d12a11010
Event: 8.601 Thread 0x0000014d670174a0 Thread added: 0x0000014d670174a0
Event: 8.603 Thread 0x0000014d6701afb0 Thread added: 0x0000014d6701afb0
Event: 8.608 Thread 0x0000014d67017b30 Thread added: 0x0000014d67017b30
Event: 8.640 Thread 0x0000014d6701a920 Thread added: 0x0000014d6701a920


Dynamic libraries:
0x00007ff783930000 - 0x00007ff78393e000 	C:\Users\amine\.jdks\openjdk-21.0.1\bin\java.exe
0x00007ffb0b380000 - 0x00007ffb0b5e8000 	C:\WINDOWS\SYSTEM32\ntdll.dll
0x00007ffb0a500000 - 0x00007ffb0a5c9000 	C:\WINDOWS\System32\KERNEL32.DLL
0x00007ffb08af0000 - 0x00007ffb08ee8000 	C:\WINDOWS\System32\KERNELBASE.dll
0x00007ffb08600000 - 0x00007ffb0874b000 	C:\WINDOWS\System32\ucrtbase.dll
0x00007ffad6c70000 - 0x00007ffad6c8b000 	C:\Users\amine\.jdks\openjdk-21.0.1\bin\VCRUNTIME140.dll
0x00007ffadde40000 - 0x00007ffadde58000 	C:\Users\amine\.jdks\openjdk-21.0.1\bin\jli.dll
0x00007ffb094a0000 - 0x00007ffb09667000 	C:\WINDOWS\System32\USER32.dll
0x00007ffb08ef0000 - 0x00007ffb08f17000 	C:\WINDOWS\System32\win32u.dll
0x00007ffadf120000 - 0x00007ffadf3b4000 	C:\WINDOWS\WinSxS\amd64_microsoft.windows.common-controls_6595b64144ccf1df_6.0.26100.7019_none_3e06ffa0e335b8a8\COMCTL32.dll
0x00007ffb0acf0000 - 0x00007ffb0ad1b000 	C:\WINDOWS\System32\GDI32.dll
0x00007ffb09120000 - 0x00007ffb091c9000 	C:\WINDOWS\System32\msvcrt.dll
0x00007ffb084d0000 - 0x00007ffb085fc000 	C:\WINDOWS\System32\gdi32full.dll
0x00007ffb08750000 - 0x00007ffb087f3000 	C:\WINDOWS\System32\msvcp_win.dll
0x00007ffb0a8d0000 - 0x00007ffb0a901000 	C:\WINDOWS\System32\IMM32.DLL
0x00007ffadde70000 - 0x00007ffadde7c000 	C:\Users\amine\.jdks\openjdk-21.0.1\bin\vcruntime140_1.dll
0x00007ffa40b60000 - 0x00007ffa40bee000 	C:\Users\amine\.jdks\openjdk-21.0.1\bin\msvcp140.dll
0x00007ffa0d240000 - 0x00007ffa0df55000 	C:\Users\amine\.jdks\openjdk-21.0.1\bin\server\jvm.dll
0x00007ffb0a9a0000 - 0x00007ffb0aa54000 	C:\WINDOWS\System32\ADVAPI32.dll
0x00007ffb091d0000 - 0x00007ffb09276000 	C:\WINDOWS\System32\sechost.dll
0x00007ffb0a7b0000 - 0x00007ffb0a8c8000 	C:\WINDOWS\System32\RPCRT4.dll
0x00007ffb0a5d0000 - 0x00007ffb0a644000 	C:\WINDOWS\System32\WS2_32.dll
0x00007ffaf9660000 - 0x00007ffaf9695000 	C:\WINDOWS\SYSTEM32\WINMM.dll
0x00007ffb08330000 - 0x00007ffb0838e000 	C:\WINDOWS\SYSTEM32\POWRPROF.dll
0x00007ffafbc90000 - 0x00007ffafbc9b000 	C:\WINDOWS\SYSTEM32\VERSION.dll
0x00007ffb08310000 - 0x00007ffb08324000 	C:\WINDOWS\SYSTEM32\UMPDC.dll
0x00007ffb07260000 - 0x00007ffb0727b000 	C:\WINDOWS\SYSTEM32\kernel.appcore.dll
0x00007ffad6f50000 - 0x00007ffad6f5a000 	C:\Users\amine\.jdks\openjdk-21.0.1\bin\jimage.dll
0x00007ffb05c60000 - 0x00007ffb05ea2000 	C:\WINDOWS\SYSTEM32\DBGHELP.DLL
0x00007ffb097b0000 - 0x00007ffb09b3b000 	C:\WINDOWS\System32\combase.dll
0x00007ffb0abd0000 - 0x00007ffb0aca7000 	C:\WINDOWS\System32\OLEAUT32.dll
0x00007ffae1840000 - 0x00007ffae187c000 	C:\WINDOWS\SYSTEM32\dbgcore.DLL
0x00007ffb08f20000 - 0x00007ffb08fc5000 	C:\WINDOWS\System32\bcryptPrimitives.dll
0x00007ffac7560000 - 0x00007ffac756f000 	C:\Users\amine\.jdks\openjdk-21.0.1\bin\instrument.dll
0x00007ffab4310000 - 0x00007ffab432f000 	C:\Users\amine\.jdks\openjdk-21.0.1\bin\java.dll
0x00007ffb09bc0000 - 0x00007ffb0a30f000 	C:\WINDOWS\System32\SHELL32.dll
0x00007ffb08800000 - 0x00007ffb0896b000 	C:\WINDOWS\System32\wintypes.dll
0x00007ffb060a0000 - 0x00007ffb068fd000 	C:\WINDOWS\SYSTEM32\windows.storage.dll
0x00007ffb096b0000 - 0x00007ffb097a2000 	C:\WINDOWS\System32\SHCORE.dll
0x00007ffb0b1b0000 - 0x00007ffb0b217000 	C:\WINDOWS\System32\shlwapi.dll
0x00007ffb083f0000 - 0x00007ffb08419000 	C:\WINDOWS\SYSTEM32\profapi.dll
0x00007ffab1690000 - 0x00007ffab16a8000 	C:\Users\amine\.jdks\openjdk-21.0.1\bin\zip.dll
0x00007ffac7660000 - 0x00007ffac7670000 	C:\Users\amine\.jdks\openjdk-21.0.1\bin\net.dll
0x00007ffafeb50000 - 0x00007ffafec78000 	C:\WINDOWS\SYSTEM32\WINHTTP.dll
0x00007ffb077d0000 - 0x00007ffb0783b000 	C:\WINDOWS\system32\mswsock.dll
0x00007ffab42f0000 - 0x00007ffab4306000 	C:\Users\amine\.jdks\openjdk-21.0.1\bin\nio.dll
0x00007ffabb6f0000 - 0x00007ffabb70a000 	C:\Program Files\JetBrains\IntelliJ IDEA 2023.3\bin\breakgen64.dll
0x00007ffb06de0000 - 0x00007ffb06f0c000 	C:\WINDOWS\SYSTEM32\DNSAPI.dll
0x00007ffb06da0000 - 0x00007ffb06dd4000 	C:\WINDOWS\SYSTEM32\IPHLPAPI.DLL
0x00007ffb096a0000 - 0x00007ffb096aa000 	C:\WINDOWS\System32\NSI.dll
0x00007ffafd6f0000 - 0x00007ffafd6fb000 	C:\Windows\System32\rasadhlp.dll
0x00007ffaff520000 - 0x00007ffaff5a6000 	C:\WINDOWS\System32\fwpuclnt.dll
0x00007ffac7350000 - 0x00007ffac7357000 	C:\Users\amine\.jdks\openjdk-21.0.1\bin\extnet.dll
0x00007ffac7340000 - 0x00007ffac734a000 	C:\Users\amine\.jdks\openjdk-21.0.1\bin\management.dll
0x00007ffac7330000 - 0x00007ffac733b000 	C:\Users\amine\.jdks\openjdk-21.0.1\bin\management_ext.dll
0x00007ffb0acd0000 - 0x00007ffb0acd8000 	C:\WINDOWS\System32\PSAPI.DLL
0x00007ffb07aa0000 - 0x00007ffb07abb000 	C:\WINDOWS\SYSTEM32\CRYPTSP.dll
0x00007ffb071c0000 - 0x00007ffb071fa000 	C:\WINDOWS\system32\rsaenh.dll
0x00007ffb07880000 - 0x00007ffb078ab000 	C:\WINDOWS\SYSTEM32\USERENV.dll
0x00007ffb083c0000 - 0x00007ffb083ea000 	C:\WINDOWS\SYSTEM32\bcrypt.dll
0x00007ffb07a90000 - 0x00007ffb07a9c000 	C:\WINDOWS\SYSTEM32\CRYPTBASE.dll
0x00007ffacfed0000 - 0x00007ffacfee8000 	C:\WINDOWS\system32\napinsp.dll
0x00007ffacf040000 - 0x00007ffacf052000 	C:\WINDOWS\System32\winrnr.dll
0x00007ffacf010000 - 0x00007ffacf032000 	C:\WINDOWS\system32\nlansp_c.dll
0x00007ffafcf80000 - 0x00007ffafcf96000 	C:\WINDOWS\system32\wshbth.dll
0x00007ffaef590000 - 0x00007ffaef5e6000 	C:\WINDOWS\SYSTEM32\pdh.dll
0x00007ffaf3f40000 - 0x00007ffaf3fad000 	C:\WINDOWS\system32\mscoree.dll
0x00007ffaf3cc0000 - 0x00007ffaf3d5b000 	C:\Windows\Microsoft.NET\Framework64\v4.0.30319\mscoreei.dll
0x00007ffa5a3c0000 - 0x00007ffa5a3e5000 	C:\Windows\Microsoft.NET\Framework64\v4.0.30319\CorperfmonExt.dll
0x00007ffaf2db0000 - 0x00007ffaf2dbc000 	C:\WINDOWS\SYSTEM32\VCRUNTIME140_1_CLR0400.dll
0x00007ffaf2d90000 - 0x00007ffaf2dab000 	C:\WINDOWS\SYSTEM32\VCRUNTIME140_CLR0400.dll
0x00007ffaf2cc0000 - 0x00007ffaf2d8e000 	C:\WINDOWS\SYSTEM32\ucrtbase_clr0400.dll
0x00007ffb02830000 - 0x00007ffb0285a000 	C:\WINDOWS\SYSTEM32\WTSAPI32.dll
0x00007ffb08970000 - 0x00007ffb08ae7000 	C:\WINDOWS\System32\CRYPT32.dll
0x00007ffb07500000 - 0x00007ffb07549000 	C:\WINDOWS\SYSTEM32\SspiCli.dll
0x00007ffa58a50000 - 0x00007ffa58a5b000 	C:\Windows\System32\rasctrs.dll
0x00007ffa91ee0000 - 0x00007ffa91f18000 	C:\WINDOWS\SYSTEM32\rasman.dll
0x00007ffa7a730000 - 0x00007ffa7a742000 	C:\WINDOWS\System32\perfproc.dll
0x00007ffac7c10000 - 0x00007ffac7c21000 	C:\WINDOWS\System32\perfos.dll
0x00007ffb06920000 - 0x00007ffb06932000 	C:\WINDOWS\SYSTEM32\pfclient.dll
0x00007ffac7360000 - 0x00007ffac736e000 	C:\Users\amine\.jdks\openjdk-21.0.1\bin\sunmscapi.dll
0x00007ffb07cb0000 - 0x00007ffb07ce0000 	C:\WINDOWS\SYSTEM32\ncrypt.dll
0x00007ffb07c60000 - 0x00007ffb07c9f000 	C:\WINDOWS\SYSTEM32\NTASN1.dll
0x00007ffab5e60000 - 0x00007ffab5e70000 	C:\Users\amine\.jdks\openjdk-21.0.1\bin\verify.dll

dbghelp: loaded successfully - version: 4.0.5 - missing functions: none
symbol engine: initialized successfully - sym options: 0x614 - pdb path: .;C:\Users\amine\.jdks\openjdk-21.0.1\bin;C:\WINDOWS\SYSTEM32;C:\WINDOWS\WinSxS\amd64_microsoft.windows.common-controls_6595b64144ccf1df_6.0.26100.7019_none_3e06ffa0e335b8a8;C:\Users\amine\.jdks\openjdk-21.0.1\bin\server;C:\Program Files\JetBrains\IntelliJ IDEA 2023.3\bin;C:\Windows\Microsoft.NET\Framework64\v4.0.30319

VM Arguments:
jvm_args: -XX:TieredStopAtLevel=1 -Dspring.output.ansi.enabled=always -Dcom.sun.management.jmxremote -Dspring.jmx.enabled=true -Dspring.liveBeansView.mbeanDomain -Dspring.application.admin.enabled=true -Dmanagement.endpoints.jmx.exposure.include=* -javaagent:C:\Program Files\JetBrains\IntelliJ IDEA 2023.3\lib\idea_rt.jar=62197:C:\Program Files\JetBrains\IntelliJ IDEA 2023.3\bin -Dfile.encoding=UTF-8 -Dsun.stdout.encoding=UTF-8 -Dsun.stderr.encoding=UTF-8 
java_command: org.example.serviceelectro.ServiceElectroApplication
java_class_path (initial): C:\Users\amine\workspace\ReparationService\ServiceElectro\target\classes;C:\Users\amine\.m2\repository\org\springframework\boot\spring-boot-starter-data-jpa\3.4.3\spring-boot-starter-data-jpa-3.4.3.jar;C:\Users\amine\.m2\repository\org\springframework\boot\spring-boot-starter\3.4.3\spring-boot-starter-3.4.3.jar;C:\Users\amine\.m2\repository\org\springframework\boot\spring-boot\3.4.3\spring-boot-3.4.3.jar;C:\Users\amine\.m2\repository\org\springframework\boot\spring-boot-autoconfigure\3.4.3\spring-boot-autoconfigure-3.4.3.jar;C:\Users\amine\.m2\repository\org\springframework\boot\spring-boot-starter-logging\3.4.3\spring-boot-starter-logging-3.4.3.jar;C:\Users\amine\.m2\repository\ch\qos\logback\logback-classic\1.5.16\logback-classic-1.5.16.jar;C:\Users\amine\.m2\repository\ch\qos\logback\logback-core\1.5.16\logback-core-1.5.16.jar;C:\Users\amine\.m2\repository\org\apache\logging\log4j\log4j-to-slf4j\2.24.3\log4j-to-slf4j-2.24.3.jar;C:\Users\amine\.m2\repository\org\apache\logging\log4j\log4j-api\2.24.3\log4j-api-2.24.3.jar;C:\Users\amine\.m2\repository\org\slf4j\jul-to-slf4j\2.0.16\jul-to-slf4j-2.0.16.jar;C:\Users\amine\.m2\repository\jakarta\annotation\jakarta.annotation-api\2.1.1\jakarta.annotation-api-2.1.1.jar;C:\Users\amine\.m2\repository\org\yaml\snakeyaml\2.3\snakeyaml-2.3.jar;C:\Users\amine\.m2\repository\org\springframework\boot\spring-boot-starter-jdbc\3.4.3\spring-boot-starter-jdbc-3.4.3.jar;C:\Users\amine\.m2\repository\com\zaxxer\HikariCP\5.1.0\HikariCP-5.1.0.jar;C:\Users\amine\.m2\repository\org\springframework\spring-jdbc\6.2.3\spring-jdbc-6.2.3.jar;C:\Users\amine\.m2\repository\org\hibernate\orm\hibernate-core\6.6.8.Final\hibernate-core-6.6.8.Final.jar;C:\Users\amine\.m2\repository\jakarta\persistence\jakarta.persistence-api\3.1.0\jakarta.persistence-api-3.1.0.jar;C:\Users\amine\.m2\repository\jakarta\transaction\jakarta.transaction-api\2.0.1\jakarta.transaction-api-2.0.1.jar;C:\Users\amine\.m2\repository\org\hibernate\common\hibernate-commons-annotations\7.0.3.Final\hibernate-commons-annotations-7.0.3.Final.jar;C:\Users\amine\.m2\repository\io\smallrye\jandex\3.2.0\jandex-3.2.0.jar;C:\Users\amine\.m2\repository\net\bytebuddy\byte-buddy\1.15.11\byte-buddy-1.15.11.jar;C:\Users\amine\.m2\repository\org\glassfish\jaxb\jaxb-runtime\4.0.5\jaxb-runtime-4.0.5.jar;C:\Users\amine\.m2\repository\org\glassfish\jaxb\jaxb-core\4.0.5\jaxb-core-4.0.5.jar;C:\Users\amine\.m2\repository\org\eclipse\angus\angus-activation\2.0.2\angus-activation-2.0.2.jar;C:\Users\amine\.m2\repository\org\glassfish\jaxb\txw2\4.0.5\txw2-4.0.5.jar;C:\Users\amine\.m2\repository\com\sun\istack\istack-commons-runtime\4.1.2\istack-commons-runtime-4.1.2.jar;C:\Users\amine\.m2\repository\jakarta\inject\jakarta.inject-api\2.0.1\jakarta.inject-api-2.0.1.jar;C:\Users\amine\.m2\repository\org\antlr\antlr4-runtime\4.13.0\antlr4-runtime-4.13.0.jar;C:\Users\amine\.m2\repository\org\springframework\data\spring-data-jpa\3.4.3\spring-data-jpa-3.4.3.jar;C:\Users\amine\.m2\repository\org\springframework\data\spring-data-commons\3.4.3\spring-data-commons-3.4.3.jar;C:\Users\amine\.m2\repository\org\springframework\spring-orm\6.2.3\spring-orm-6.2.3.jar;C:\Users\amine\.m2\repository\org\springframework\spring-context\6.2.3\spring-context-6.2.3.jar;C:\Users\amine\.m2\repository\org\springframework\spring-tx\6.2.3\spring-tx-6.2.3.jar;C:\Users\amine\.m2\repository\org\springframework\spring-beans\6.2.3\spring-beans-6.2.3.jar;C:\Users\amine\.m2\repository\org\slf4j\slf4j-api\2.0.16\slf4j-api-2.0.16.jar;C:\Users\amine\.m2\repository\org\springframework\spring-aspects\6.2.3\spring-aspects-6.2.3.jar;C:\Users\amine\.m2\repository\org\aspectj\aspectjweaver\1.9.22.1\aspectjweaver-1.9.22.1.jar;C:\Users\amine\.m2\repository\org\springframework\boot\spring-boot-starter-web\3.4.3\spring-boot-starter-web-3.4.3.jar;C:\Users\amine\.m2\repository\org\springframework\boot\spring-boot-starter-json\3.4.3\spring-boot-starter-json-3.4.3.jar;C:\Users\amine\.m2\repository\com\fasterxml\jackson\datatype\jackson-datatype-jdk8\2.18.2\jackson-datatype-jdk8-2.18.2.jar;C:\Users\amine\.m2\repository\com\fasterxml\jackson\module\jackson-module-parameter-names\2.18.2\jackson-module-parameter-names-2.18.2.jar;C:\Users\amine\.m2\repository\org\springframework\boot\spring-boot-starter-tomcat\3.4.3\spring-boot-starter-tomcat-3.4.3.jar;C:\Users\amine\.m2\repository\org\apache\tomcat\embed\tomcat-embed-core\10.1.36\tomcat-embed-core-10.1.36.jar;C:\Users\amine\.m2\repository\org\apache\tomcat\embed\tomcat-embed-websocket\10.1.36\tomcat-embed-websocket-10.1.36.jar;C:\Users\amine\.m2\repository\org\springframework\spring-web\6.2.3\spring-web-6.2.3.jar;C:\Users\amine\.m2\repository\org\springframework\spring-webmvc\6.2.3\spring-webmvc-6.2.3.jar;C:\Users\amine\.m2\repository\org\springframework\spring-expression\6.2.3\spring-expression-6.2.3.jar;C:\Users\amine\.m2\repository\org\springframework\boot\spring-boot-starter-validation\3.4.3\spring-boot-starter-validation-3.4.3.jar;C:\Users\amine\.m2\repository\org\apache\tomcat\embed\tomcat-embed-el\10.1.36\tomcat-embed-el-10.1.36.jar;C:\Users\amine\.m2\repository\org\springframework\boot\spring-boot-starter-security\3.4.3\spring-boot-starter-security-3.4.3.jar;C:\Users\amine\.m2\repository\org\springframework\spring-aop\6.2.3\spring-aop-6.2.3.jar;C:\Users\amine\.m2\repository\org\springframework\security\spring-security-config\6.4.3\spring-security-config-6.4.3.jar;C:\Users\amine\.m2\repository\org\springframework\security\spring-security-web\6.4.3\spring-security-web-6.4.3.jar;C:\Users\amine\.m2\repository\org\springframework\boot\spring-boot-starter-actuator\3.4.3\spring-boot-starter-actuator-3.4.3.jar;C:\Users\amine\.m2\repository\org\springframework\boot\spring-boot-actuator-autoconfigure\3.4.3\spring-boot-actuator-autoconfigure-3.4.3.jar;C:\Users\amine\.m2\repository\org\springframework\boot\spring-boot-actuator\3.4.3\spring-boot-actuator-3.4.3.jar;C:\Users\amine\.m2\repository\io\micrometer\micrometer-observation\1.14.4\micrometer-observation-1.14.4.jar;C:\Users\amine\.m2\repository\io\micrometer\micrometer-commons\1.14.4\micrometer-commons-1.14.4.jar;C:\Users\amine\.m2\repository\io\micrometer\micrometer-jakarta9\1.14.4\micrometer-jakarta9-1.14.4.jar;C:\Users\amine\.m2\repository\io\micrometer\micrometer-core\1.14.4\micrometer-core-1.14.4.jar;C:\Users\amine\.m2\repository\org\hdrhistogram\HdrHistogram\2.2.2\HdrHistogram-2.2.2.jar;C:\Users\amine\.m2\repository\org\latencyutils\LatencyUtils\2.0.3\LatencyUtils-2.0.3.jar;C:\Users\amine\.m2\repository\com\mysql\mysql-connector-j\9.1.0\mysql-connector-j-9.1.0.jar;C:\Users\amine\.m2\repository\org\projectlombok\lombok\1.18.34\lombok-1.18.34.jar;C:\Users\amine\.m2\repository\jakarta\xml\bind\jakarta.xml.bind-api\4.0.2\jakarta.xml.bind-api-4.0.2.jar;C:\Users\amine\.m2\repository\jakarta\activation\jakarta.activation-api\2.1.3\jakarta.activation-api-2.1.3.jar;C:\Users\amine\.m2\repository\org\springframework\spring-core\6.2.3\spring-core-6.2.3.jar;C:\Users\amine\.m2\repository\org\springframework\spring-jcl\6.2.3\spring-jcl-6.2.3.jar;C:\Users\amine\.m2\repository\jakarta\validation\jakarta.validation-api\3.0.2\jakarta.validation-api-3.0.2.jar;C:\Users\amine\.m2\repository\org\hibernate\validator\hibernate-validator\8.0.1.Final\hibernate-validator-8.0.1.Final.jar;C:\Users\amine\.m2\repository\org\jboss\logging\jboss-logging\3.6.1.Final\jboss-logging-3.6.1.Final.jar;C:\Users\amine\.m2\repository\com\fasterxml\classmate\1.7.0\classmate-1.7.0.jar;C:\Users\amine\.m2\repository\org\springframework\security\spring-security-core\6.4.3\spring-security-core-6.4.3.jar;C:\Users\amine\.m2\repository\org\springframework\security\spring-security-crypto\6.4.3\spring-security-crypto-6.4.3.jar;C:\Users\amine\.m2\repository\io\jsonwebtoken\jjwt-impl\0.12.5\jjwt-impl-0.12.5.jar;C:\Users\amine\.m2\repository\io\jsonwebtoken\jjwt-api\0.12.5\jjwt-api-0.12.5.jar;C:\Users\amine\.m2\repository\io\jsonwebtoken\jjwt-jackson\0.12.5\jjwt-jackson-0.12.5.jar;C:\Users\amine\.m2\repository\com\fasterxml\jackson\core\jackson-databind\2.18.2\jackson-databind-2.18.2.jar;C:\Users\amine\.m2\repository\com\fasterxml\jackson\core\jackson-annotations\2.18.2\jackson-annotations-2.18.2.jar;C:\Users\amine\.m2\repository\com\fasterxml\jackson\core\jackson-core\2.18.2\jackson-core-2.18.2.jar;C:\Users\amine\.m2\repository\com\amazonaws\aws-java-sdk-s3\1.12.728\aws-java-sdk-s3-1.12.728.jar;C:\Users\amine\.m2\repository\com\amazonaws\aws-java-sdk-kms\1.12.728\aws-java-sdk-kms-1.12.728.jar;C:\Users\amine\.m2\repository\com\amazonaws\aws-java-sdk-core\1.12.728\aws-java-sdk-core-1.12.728.jar;C:\Users\amine\.m2\repository\commons-logging\commons-logging\1.1.3\commons-logging-1.1.3.jar;C:\Users\amine\.m2\repository\commons-codec\commons-codec\1.17.2\commons-codec-1.17.2.jar;C:\Users\amine\.m2\repository\org\apache\httpcomponents\httpclient\4.5.13\httpclient-4.5.13.jar;C:\Users\amine\.m2\repository\org\apache\httpcomponents\httpcore\4.4.16\httpcore-4.4.16.jar;C:\Users\amine\.m2\repository\com\fasterxml\jackson\dataformat\jackson-dataformat-cbor\2.18.2\jackson-dataformat-cbor-2.18.2.jar;C:\Users\amine\.m2\repository\joda-time\joda-time\2.12.7\joda-time-2.12.7.jar;C:\Users\amine\.m2\repository\com\amazonaws\jmespath-java\1.12.728\jmespath-java-1.12.728.jar;C:\Users\amine\.m2\repository\org\flywaydb\flyway-core\10.20.1\flyway-core-10.20.1.jar;C:\Users\amine\.m2\repository\com\fasterxml\jackson\dataformat\jackson-dataformat-toml\2.18.2\jackson-dataformat-toml-2.18.2.jar;C:\Users\amine\.m2\repository\com\fasterxml\jackson\datatype\jackson-datatype-jsr310\2.18.2\jackson-datatype-jsr310-2.18.2.jar;C:\Users\amine\.m2\repository\org\flywaydb\flyway-mysql\10.20.1\flyway-mysql-10.20.1.jar
Launcher Type: SUN_STANDARD

[Global flags]
     intx CICompilerCount                          = 12                                        {product} {ergonomic}
     uint ConcGCThreads                            = 3                                         {product} {ergonomic}
     uint G1ConcRefinementThreads                  = 13                                        {product} {ergonomic}
   size_t G1HeapRegionSize                         = 4194304                                   {product} {ergonomic}
    uintx GCDrainStackTargetSize                   = 64                                        {product} {ergonomic}
   size_t InitialHeapSize                          = 398458880                                 {product} {ergonomic}
     bool ManagementServer                         = true                                      {product} {command line}
   size_t MarkStackSize                            = 4194304                                   {product} {ergonomic}
   size_t MaxHeapSize                              = 6358564864                                {product} {ergonomic}
   size_t MaxNewSize                               = 3812622336                                {product} {ergonomic}
   size_t MinHeapDeltaBytes                        = 4194304                                   {product} {ergonomic}
   size_t MinHeapSize                              = 8388608                                   {product} {ergonomic}
    uintx NonNMethodCodeHeapSize                   = 4096                                   {pd product} {ergonomic}
    uintx NonProfiledCodeHeapSize                  = 0                                      {pd product} {ergonomic}
     bool ProfileInterpreter                       = false                                  {pd product} {command line}
    uintx ProfiledCodeHeapSize                     = 0                                      {pd product} {ergonomic}
   size_t SoftMaxHeapSize                          = 6358564864                             {manageable} {ergonomic}
     intx TieredStopAtLevel                        = 1                                         {product} {command line}
     bool UseCompressedOops                        = true                           {product lp64_product} {ergonomic}
     bool UseG1GC                                  = true                                      {product} {ergonomic}
     bool UseLargePagesIndividualAllocation        = false                                  {pd product} {ergonomic}

Logging:
Log output configuration:
 #0: stdout all=warning uptime,level,tags foldmultilines=false
 #1: stderr all=off uptime,level,tags foldmultilines=false

Environment Variables:
JAVA_HOME=C:\Program Files\Java\jdk-21
PATH=C:\Python313\Scripts\;C:\Python313\;C:\Program Files\Eclipse Foundation\jdk-8.0.302.8-hotspot\bin;C:\Program Files\Common Files\Oracle\Java\javapath;C:\oraclexe\app\oracle\product\11.2.0\server\bin;C:\windows\system32;C:\windows;C:\windows\System32\Wbem;C:\windows\System32\WindowsPowerShell\v1.0\;C:\windows\System32\OpenSSH\;C:\Program Files (x86)\NVIDIA Corporation\PhysX\Common;C:\Program Files\dotnet\;C:\Program Files\HP\HP One Agent;C:\Program Files\Java\jdk-17\bin;C:\Program Files\Microsoft SQL Server\130\Tools\Binn\;C:\Program Files\Microsoft SQL Server\Client SDK\ODBC\170\Tools\Binn\;C:\WINDOWS\system32;C:\WINDOWS;C:\WINDOWS\System32\Wbem;C:\WINDOWS\System32\WindowsPowerShell\v1.0\;C:\WINDOWS\System32\OpenSSH\;C:\Users\amine\AppData\Local\Programs\Python\Python312\;C:\Users\amine\AppData\Local\Programs\Python\Python312\Scripts\;C:\Users\amine\AppData\Local\nvm;C:\nvm4w\nodejs;C:\ProgramData\chocolatey\bin;C:\Program Files\Git\cmd;C:\Program Files\NVIDIA Corporation\NVIDIA App\NvDLISR;D:\Program Files\cursor\resources\app\bin;C:\Program Files\nodejs\;C:\Program Files\MySQL\MySQL Shell 8.0\bin\;C:\Users\amine\AppData\Local\Programs\Python\Launcher\;C:\Users\amine\AppData\Local\Microsoft\WindowsApps;C:\Program Files\JetBrains\IntelliJ IDEA 2023.3\bin;;C:\Users\amine\AppData\Local\Programs\Microsoft VS Code\bin;C:\Program Files\JetBrains\PyCharm 2023.3.3\bin;;C:\Users\amine\.dotnet\tools;C:\Program Files\JetBrains\PhpStorm 2024.2.0.1\bin;;C:\Users\amine\AppData\Local\nvm;C:\nvm4w\nodejs;C:\flutter\bin;C:\Users\amine\AppData\Roaming\npm
USERNAME=amine
OS=Windows_NT
PROCESSOR_IDENTIFIER=Intel64 Family 6 Model 154 Stepping 3, GenuineIntel
TMP=C:\Users\amine\AppData\Local\Temp
TEMP=C:\Users\amine\AppData\Local\Temp




Periodic native trim disabled

---------------  S Y S T E M  ---------------

OS:
 Windows 11 , 64 bit Build 26100 (10.0.26100.7019)
OS uptime: 0 days 13:09 hours
Hyper-V role detected

CPU: total 16 (initial active 16) (8 cores per cpu, 2 threads per core) family 6 model 154 stepping 3 microcode 0x434, cx8, cmov, fxsr, ht, mmx, 3dnowpref, sse, sse2, sse3, ssse3, sse4.1, sse4.2, popcnt, lzcnt, tsc, tscinvbit, avx, avx2, aes, erms, clmul, bmi1, bmi2, adx, sha, fma, vzeroupper, clflush, clflushopt, clwb, hv, serialize, rdtscp, rdpid, fsrm, f16c, cet_ibt, cet_ss
Processor Information for all 16 processors :
  Max Mhz: 2500, Current Mhz: 2500, Mhz Limit: 2500

Memory: 4k page, system-wide physical 24243M (2558M free)
TotalPageFile size 35252M (AvailPageFile size 8M)
current process WorkingSet (physical memory assigned to process): 230M, peak: 230M
current process commit charge ("private bytes"): 279M, peak: 527M

vm_info: OpenJDK 64-Bit Server VM (21.0.1+12-29) for windows-amd64 JRE (21.0.1+12-29), built on 2023-10-05T13:27:09Z by "mach5one" with MS VC++ 17.1 (VS2022)

END.
