#
# There is insufficient memory for the Java Runtime Environment to continue.
# Native memory allocation (mmap) failed to map 65536 bytes for Failed to commit metaspace.
# Possible reasons:
#   The system is out of physical RAM or swap space
#   The process is running with CompressedOops enabled, and the Java Heap may be blocking the growth of the native heap
# Possible solutions:
#   Reduce memory load on the system
#   Increase physical memory or swap space
#   Check if swap backing store is full
#   Decrease Java heap size (-Xmx/-Xms)
#   Decrease number of Java threads
#   Decrease Java thread stack sizes (-Xss)
#   Set larger code cache with -XX:ReservedCodeCacheSize=
#   JVM is running with Zero Based Compressed Oops mode in which the Java heap is
#     placed in the first 32GB address space. The Java Heap base address is the
#     maximum limit for the native heap growth. Please use -XX:HeapBaseMinAddress
#     to set the Java Heap base and to place the Java Heap above 32GB virtual address.
# This output file may be truncated or incomplete.
#
#  Out of Memory Error (virtualSpaceNode.cpp:112), pid=48784, tid=32116
#
# JRE version: OpenJDK Runtime Environment (21.0.1+12) (build 21.0.1+12-29)
# Java VM: OpenJDK 64-Bit Server VM (21.0.1+12-29, mixed mode, emulated-client, sharing, tiered, compressed oops, compressed class ptrs, g1 gc, windows-amd64)
# No core dump will be written. Minidumps are not enabled by default on client versions of Windows
#

---------------  S U M M A R Y ------------

Command Line: -XX:TieredStopAtLevel=1 -Dspring.output.ansi.enabled=always -Dcom.sun.management.jmxremote -Dspring.jmx.enabled=true -Dspring.liveBeansView.mbeanDomain -Dspring.application.admin.enabled=true -Dmanagement.endpoints.jmx.exposure.include=* -javaagent:C:\Program Files\JetBrains\IntelliJ IDEA 2023.3\lib\idea_rt.jar=53407:C:\Program Files\JetBrains\IntelliJ IDEA 2023.3\bin -Dfile.encoding=UTF-8 -Dsun.stdout.encoding=UTF-8 -Dsun.stderr.encoding=UTF-8 org.example.serviceelectro.ServiceElectroApplication

Host: 12th Gen Intel(R) Core(TM) i5-12500H, 16 cores, 23G,  Windows 11 , 64 bit Build 26100 (10.0.26100.7019)
Time: Fri Dec  5 20:24:02 2025 Afr. centrale Ouest elapsed time: 0.170093 seconds (0d 0h 0m 0s)

---------------  T H R E A D  ---------------

Current thread (0x000001fcee76e7b0):  JavaThread "Attach Listener" daemon [_thread_in_vm, id=32116, stack(0x0000007820f00000,0x0000007821000000) (1024K)]

Stack: [0x0000007820f00000,0x0000007821000000]
Native frames: (J=compiled Java code, j=interpreted, Vv=VM code, C=native code)
V  [jvm.dll+0x6c9029]
V  [jvm.dll+0x854b81]
V  [jvm.dll+0x856e5e]
V  [jvm.dll+0x857543]
V  [jvm.dll+0x280c06]
V  [jvm.dll+0x8508ae]
V  [jvm.dll+0x66ca45]
V  [jvm.dll+0x66caaa]
V  [jvm.dll+0x66f2a6]
V  [jvm.dll+0x66f172]
V  [jvm.dll+0x66d41e]
V  [jvm.dll+0x67e389]
V  [jvm.dll+0x67782e]
V  [jvm.dll+0x3d3f61]
C  0x000001fce14bb779

The last pc belongs to method entry point (kind = zerolocals) (printed below).
Java frames: (J=compiled Java code, j=interpreted, Vv=VM code)
j  sun.util.cldr.CLDRLocaleProviderAdapter.lambda$applyAliases$5(Ljava/util/Locale;)Ljava/util/Locale;+0 java.base@21.0.1
j  sun.util.cldr.CLDRLocaleProviderAdapter$$Lambda+0x800000064.apply(Ljava/lang/Object;)Ljava/lang/Object;+4 java.base@21.0.1
j  java.util.concurrent.ConcurrentHashMap.computeIfAbsent(Ljava/lang/Object;Ljava/util/function/Function;)Ljava/lang/Object;+115 java.base@21.0.1
j  sun.util.cldr.CLDRLocaleProviderAdapter.applyAliases(Ljava/util/Locale;)Ljava/util/Locale;+9 java.base@21.0.1
j  sun.util.cldr.CLDRLocaleProviderAdapter.getCandidateLocales(Ljava/lang/String;Ljava/util/Locale;)Ljava/util/List;+3 java.base@21.0.1
j  sun.util.resources.LocaleData$LocaleDataStrategy.getCandidateLocales(Ljava/lang/String;Ljava/util/Locale;)Ljava/util/List;+88 java.base@21.0.1
j  sun.util.resources.Bundles.loadBundleOf(Ljava/lang/String;Ljava/util/Locale;Lsun/util/resources/Bundles$Strategy;)Ljava/util/ResourceBundle;+99 java.base@21.0.1
j  sun.util.resources.Bundles.of(Ljava/lang/String;Ljava/util/Locale;Lsun/util/resources/Bundles$Strategy;)Ljava/util/ResourceBundle;+3 java.base@21.0.1
j  sun.util.resources.LocaleData$1.run()Ljava/util/ResourceBundle;+11 java.base@21.0.1
j  sun.util.resources.LocaleData$1.run()Ljava/lang/Object;+1 java.base@21.0.1
j  java.security.AccessController.executePrivileged(Ljava/security/PrivilegedAction;Ljava/security/AccessControlContext;Ljava/lang/Class;)Ljava/lang/Object;+29 java.base@21.0.1
j  java.security.AccessController.doPrivileged(Ljava/security/PrivilegedAction;)Ljava/lang/Object;+5 java.base@21.0.1
j  sun.util.resources.LocaleData.getBundle(Ljava/lang/String;Ljava/util/Locale;)Ljava/util/ResourceBundle;+9 java.base@21.0.1
j  sun.util.resources.LocaleData.getTimeZoneNames(Ljava/util/Locale;)Lsun/util/resources/TimeZoneNamesBundle;+26 java.base@21.0.1
j  sun.util.locale.provider.LocaleResources.getTimeZoneNames(Ljava/lang/String;)Ljava/lang/Object;+70 java.base@21.0.1
j  sun.util.locale.provider.TimeZoneNameProviderImpl.getDisplayNameArray(Ljava/lang/String;Ljava/util/Locale;)[Ljava/lang/String;+22 java.base@21.0.1
j  sun.util.cldr.CLDRTimeZoneNameProviderImpl.getDisplayNameArray(Ljava/lang/String;Ljava/util/Locale;)[Ljava/lang/String;+3 java.base@21.0.1
j  sun.util.locale.provider.TimeZoneNameProviderImpl.getDisplayName(Ljava/lang/String;ZILjava/util/Locale;)Ljava/lang/String;+4 java.base@21.0.1
j  sun.util.locale.provider.TimeZoneNameUtility$TimeZoneNameGetter.getName(Ljava/util/spi/TimeZoneNameProvider;Ljava/util/Locale;Ljava/lang/String;ILjava/lang/String;)Ljava/lang/String;+126 java.base@21.0.1
j  sun.util.locale.provider.TimeZoneNameUtility$TimeZoneNameGetter.getObject(Ljava/util/spi/TimeZoneNameProvider;Ljava/util/Locale;Ljava/lang/String;[Ljava/lang/Object;)Ljava/lang/String;+49 java.base@21.0.1
j  sun.util.locale.provider.TimeZoneNameUtility$TimeZoneNameGetter.getObject(Ljava/util/spi/LocaleServiceProvider;Ljava/util/Locale;Ljava/lang/String;[Ljava/lang/Object;)Ljava/lang/Object;+9 java.base@21.0.1
j  sun.util.locale.provider.LocaleServiceProviderPool.getLocalizedObjectImpl(Lsun/util/locale/provider/LocaleServiceProviderPool$LocalizedObjectGetter;Ljava/util/Locale;ZLjava/lang/String;[Ljava/lang/Object;)Ljava/lang/Object;+93 java.base@21.0.1
j  sun.util.locale.provider.LocaleServiceProviderPool.getLocalizedObject(Lsun/util/locale/provider/LocaleServiceProviderPool$LocalizedObjectGetter;Ljava/util/Locale;Ljava/lang/String;[Ljava/lang/Object;)Ljava/lang/Object;+7 java.base@21.0.1
j  sun.util.locale.provider.TimeZoneNameUtility.retrieveDisplayNamesImpl(Ljava/lang/String;Ljava/util/Locale;)[Ljava/lang/String;+140 java.base@21.0.1
j  sun.util.locale.provider.TimeZoneNameUtility.retrieveDisplayName(Ljava/lang/String;ZILjava/util/Locale;)Ljava/lang/String;+2 java.base@21.0.1
j  java.util.TimeZone.getDisplayName(ZILjava/util/Locale;)Ljava/lang/String;+47 java.base@21.0.1
j  java.util.Date.toString()Ljava/lang/String;+150 java.base@21.0.1
j  java.lang.String.valueOf(Ljava/lang/Object;)Ljava/lang/String;+11 java.base@21.0.1
j  java.lang.StringBuilder.append(Ljava/lang/Object;)Ljava/lang/StringBuilder;+2 java.base@21.0.1
j  java.util.Properties.writeDateComment(Ljava/io/BufferedWriter;)V+43 java.base@21.0.1
j  java.util.Properties.store0(Ljava/io/BufferedWriter;Ljava/lang/String;Z)V+10 java.base@21.0.1
j  java.util.Properties.store(Ljava/io/OutputStream;Ljava/lang/String;)V+21 java.base@21.0.1
j  jdk.internal.vm.VMSupport.serializePropertiesToByteArray(Ljava/util/Properties;)[B+14 java.base@21.0.1
j  jdk.internal.vm.VMSupport.serializeAgentPropertiesToByteArray()[B+6 java.base@21.0.1
v  ~StubRoutines::call_stub 0x000001fce14b100d
method entry point (kind = zerolocals)  [0x000001fce14bb660, 0x000001fce14bb950]  752 bytes
[MachCode]
  0x000001fce14bb660: 488b 5308 | 0fb7 4a2e | 0fb7 522c | 2bd1 81fa | f501 0000 | 0f86 2500 | 0000 488b | c248 c1e0 
  0x000001fce14bb680: 0348 83c0 | 5849 0387 | d004 0000 | 483b e00f | 870a 0000 | 0058 498b | e550 e9e1 | afff ff58 
  0x000001fce14bb6a0: 4c8d 74cc | f885 d20f | 8e09 0000 | 0068 0000 | 0000 ffca | 7ff7 5055 | 488b ec41 | 5568 0000 
  0x000001fce14bb6c0: 0000 4c8b | 6b08 4d8d | 6d38 5348 | 8b53 0848 | 8b52 0848 | 8b52 1848 | 8b52 7048 | 8b12 5268 
  0x000001fce14bb6e0: 0000 0000 | 488b 5308 | 488b 5208 | 488b 5210 | 5249 8bc6 | 482b c548 | c1e8 0350 | 4155 6800 
  0x000001fce14bb700: 0000 0048 | 8924 2441 | c687 7904 | 0000 0148 | 8b43 1848 | 85c0 0f85 | b000 0000 | e805 0000 
  0x000001fce14bb720: 00e9 9900 | 0000 488b | d348 8d44 | 2408 4c89 | 6dc0 498b | cfc5 f877 | 4989 afa8 | 0300 0049 
  0x000001fce14bb740: 8987 9803 | 0000 4883 | ec20 40f6 | c40f 0f84 | 1900 0000 | 4883 ec08 | 48b8 403f | 610d fa7f 
  0x000001fce14bb760: 0000 ffd0 | 4883 c408 | e90c 0000 | 0048 b840 | 3f61 0dfa | 7f00 00ff | d048 83c4 | 2049 c787 
  0x000001fce14bb780: 9803 0000 | 0000 0000 | 49c7 87a8 | 0300 0000 | 0000 0049 | c787 a003 | 0000 0000 | 0000 c5f8 
  0x000001fce14bb7a0: 7749 837f | 0800 0f84 | 0500 0000 | e94f 57ff | ff4c 8b6d | c04c 8b75 | c84e 8d74 | f500 c348 
  0x000001fce14bb7c0: 8b43 1848 | 85c0 0f84 | 1200 0000 | 8b48 0883 | c102 8948 | 0823 481c | 0f84 c200 | 0000 493b 
  0x000001fce14bb7e0: a7e8 0400 | 000f 8748 | 0000 0089 | 8424 00f0 | ffff 8984 | 2400 e0ff | ff89 8424 | 00d0 ffff 
  0x000001fce14bb800: 8984 2400 | c0ff ff89 | 8424 00b0 | ffff 8984 | 2400 a0ff | ff89 8424 | 0090 ffff | 8984 2400 
  0x000001fce14bb820: 80ff ff49 | 3ba7 e004 | 0000 7607 | 4989 a7e8 | 0400 0041 | c687 7904 | 0000 0049 | bac9 25e6 
  0x000001fce14bb840: 0dfa 7f00 | 0041 803a | 000f 843e | 0000 0048 | 8b55 e849 | 8bcf 4883 | ec20 40f6 | c40f 0f84 
  0x000001fce14bb860: 1900 0000 | 4883 ec08 | 48b8 30eb | 960d fa7f | 0000 ffd0 | 4883 c408 | e90c 0000 | 0048 b830 
  0x000001fce14bb880: eb96 0dfa | 7f00 00ff | d048 83c4 | 2041 0fb6 | 5d00 49ba | 80e7 e80d | fa7f 0000 | 41ff 24da 
  0x000001fce14bb8a0: ba00 0000 | 00e8 0500 | 0000 e996 | 0000 0048 | 8d44 2408 | 4c89 6dc0 | 498b cfc5 | f877 4989 
  0x000001fce14bb8c0: afa8 0300 | 0049 8987 | 9803 0000 | 4883 ec20 | 40f6 c40f | 0f84 1900 | 0000 4883 | ec08 48b8 
  0x000001fce14bb8e0: c049 610d | fa7f 0000 | ffd0 4883 | c408 e90c | 0000 0048 | b8c0 4961 | 0dfa 7f00 | 00ff d048 
  0x000001fce14bb900: 83c4 2049 | c787 9803 | 0000 0000 | 0000 49c7 | 87a8 0300 | 0000 0000 | 0049 c787 | a003 0000 
  0x000001fce14bb920: 0000 0000 | c5f8 7749 | 837f 0800 | 0f84 0500 | 0000 e9c9 | 55ff ff4c | 8b6d c04c | 8b75 c84e 
  0x000001fce14bb940: 8d74 f500 | c348 8b5d | e8e9 90fe | ffff 6690 
[/MachCode]

---------------  P R O C E S S  ---------------

Threads class SMR info:
_java_thread_list=0x000001fcef4deb10, length=13, elements={
0x000001fcd907b5e0, 0x000001fcee767ed0, 0x000001fcee76a940, 0x000001fcee76d4e0,
0x000001fcee76e7b0, 0x000001fcef352480, 0x000001fcef355700, 0x000001fcef35b7e0,
0x000001fcef44bbd0, 0x000001fcef46ae50, 0x000001fcef46f970, 0x000001fcef4ea570,
0x000001fcef4eb850
}

Java Threads: ( => current thread )
  0x000001fcd907b5e0 JavaThread "main"                              [_thread_in_native, id=36708, stack(0x0000007820400000,0x0000007820500000) (1024K)]
  0x000001fcee767ed0 JavaThread "Reference Handler"          daemon [_thread_blocked, id=37996, stack(0x0000007820c00000,0x0000007820d00000) (1024K)]
  0x000001fcee76a940 JavaThread "Finalizer"                  daemon [_thread_blocked, id=11872, stack(0x0000007820d00000,0x0000007820e00000) (1024K)]
  0x000001fcee76d4e0 JavaThread "Signal Dispatcher"          daemon [_thread_blocked, id=40944, stack(0x0000007820e00000,0x0000007820f00000) (1024K)]
=>0x000001fcee76e7b0 JavaThread "Attach Listener"            daemon [_thread_in_vm, id=32116, stack(0x0000007820f00000,0x0000007821000000) (1024K)]
  0x000001fcef352480 JavaThread "Service Thread"             daemon [_thread_blocked, id=39420, stack(0x0000007821000000,0x0000007821100000) (1024K)]
  0x000001fcef355700 JavaThread "Monitor Deflation Thread"   daemon [_thread_blocked, id=38792, stack(0x0000007821100000,0x0000007821200000) (1024K)]
  0x000001fcef35b7e0 JavaThread "C1 CompilerThread0"         daemon [_thread_blocked, id=37220, stack(0x0000007821200000,0x0000007821300000) (1024K)]
  0x000001fcef44bbd0 JavaThread "Common-Cleaner"             daemon [_thread_blocked, id=35072, stack(0x0000007821300000,0x0000007821400000) (1024K)]
  0x000001fcef46ae50 JavaThread "C1 CompilerThread1"         daemon [_thread_blocked, id=15376, stack(0x0000007821400000,0x0000007821500000) (1024K)]
  0x000001fcef46f970 JavaThread "C1 CompilerThread2"         daemon [_thread_blocked, id=22348, stack(0x0000007821500000,0x0000007821600000) (1024K)]
  0x000001fcef4ea570 JavaThread "C1 CompilerThread3"         daemon [_thread_blocked, id=36296, stack(0x0000007821600000,0x0000007821700000) (1024K)]
  0x000001fcef4eb850 JavaThread "C1 CompilerThread4"         daemon [_thread_blocked, id=12248, stack(0x0000007821700000,0x0000007821800000) (1024K)]
Total: 13

Other Threads:
  0x000001fcee74aee0 VMThread "VM Thread"                           [id=20168, stack(0x0000007820b00000,0x0000007820c00000) (1024K)]
  0x000001fcee7325a0 WatcherThread "VM Periodic Task Thread"        [id=12668, stack(0x0000007820a00000,0x0000007820b00000) (1024K)]
  0x000001fcd90ffce0 WorkerThread "GC Thread#0"                     [id=26960, stack(0x0000007820500000,0x0000007820600000) (1024K)]
  0x000001fcd910c950 ConcurrentGCThread "G1 Main Marker"            [id=31748, stack(0x0000007820600000,0x0000007820700000) (1024K)]
  0x000001fcd910e1e0 WorkerThread "G1 Conc#0"                       [id=30756, stack(0x0000007820700000,0x0000007820800000) (1024K)]
  0x000001fcd912e830 ConcurrentGCThread "G1 Refine#0"               [id=35932, stack(0x0000007820800000,0x0000007820900000) (1024K)]
  0x000001fcee5ff170 ConcurrentGCThread "G1 Service"                [id=37116, stack(0x0000007820900000,0x0000007820a00000) (1024K)]
Total: 7

Threads with active compile tasks:
Total: 0

VM state: not at safepoint (normal execution)

VM Mutex/Monitor currently owned by a thread:  ([mutex/lock_event])
[0x00007ffa0de78578] Metaspace_lock - owner thread: 0x000001fcee76e7b0

Heap address: 0x0000000685000000, size: 6064 MB, Compressed Oops mode: Zero based, Oop shift amount: 3

CDS archive(s) mapped at: [0x000001fc80000000-0x000001fc80c90000-0x000001fc80c90000), size 13172736, SharedBaseAddress: 0x000001fc80000000, ArchiveRelocationMode: 1.
Compressed class space mapped at: 0x000001fc81000000-0x000001fcc1000000, reserved size: 1073741824
Narrow klass base: 0x000001fc80000000, Narrow klass shift: 0, Narrow klass range: 0x100000000

GC Precious Log:
 CardTable entry size: 512
 Card Set container configuration: InlinePtr #cards 4 size 8 Array Of Cards #cards 32 size 80 Howl #buckets 8 coarsen threshold 7372 Howl Bitmap #cards 1024 size 144 coarsen threshold 921 Card regions per heap region 1 cards per card region 8192
 CPUs: 16 total, 16 available
 Memory: 24243M
 Large Page Support: Disabled
 NUMA Support: Disabled
 Compressed Oops: Enabled (Zero based)
 Heap Region Size: 4M
 Heap Min Capacity: 8M
 Heap Initial Capacity: 380M
 Heap Max Capacity: 6064M
 Pre-touch: Disabled
 Parallel Workers: 13
 Concurrent Workers: 3
 Concurrent Refinement Workers: 13
 Periodic GC: Disabled

Heap:
 garbage-first heap   total 389120K, used 4096K [0x0000000685000000, 0x0000000800000000)
  region size 4096K, 2 young (8192K), 0 survivors (0K)
 Metaspace       used 358K, committed 512K, reserved 1114112K
  class space    used 31K, committed 128K, reserved 1048576K

Heap Regions: E=young(eden), S=young(survivor), O=old, HS=humongous(starts), HC=humongous(continues), CS=collection set, F=free, TAMS=top-at-mark-start, PB=parsable bottom
|   0|0x0000000685000000, 0x0000000685000000, 0x0000000685400000|  0%| F|  |TAMS 0x0000000685000000| PB 0x0000000685000000| Untracked 
|   1|0x0000000685400000, 0x0000000685400000, 0x0000000685800000|  0%| F|  |TAMS 0x0000000685400000| PB 0x0000000685400000| Untracked 
|   2|0x0000000685800000, 0x0000000685800000, 0x0000000685c00000|  0%| F|  |TAMS 0x0000000685800000| PB 0x0000000685800000| Untracked 
|   3|0x0000000685c00000, 0x0000000685c00000, 0x0000000686000000|  0%| F|  |TAMS 0x0000000685c00000| PB 0x0000000685c00000| Untracked 
|   4|0x0000000686000000, 0x0000000686000000, 0x0000000686400000|  0%| F|  |TAMS 0x0000000686000000| PB 0x0000000686000000| Untracked 
|   5|0x0000000686400000, 0x0000000686400000, 0x0000000686800000|  0%| F|  |TAMS 0x0000000686400000| PB 0x0000000686400000| Untracked 
|   6|0x0000000686800000, 0x0000000686800000, 0x0000000686c00000|  0%| F|  |TAMS 0x0000000686800000| PB 0x0000000686800000| Untracked 
|   7|0x0000000686c00000, 0x0000000686c00000, 0x0000000687000000|  0%| F|  |TAMS 0x0000000686c00000| PB 0x0000000686c00000| Untracked 
|   8|0x0000000687000000, 0x0000000687000000, 0x0000000687400000|  0%| F|  |TAMS 0x0000000687000000| PB 0x0000000687000000| Untracked 
|   9|0x0000000687400000, 0x0000000687400000, 0x0000000687800000|  0%| F|  |TAMS 0x0000000687400000| PB 0x0000000687400000| Untracked 
|  10|0x0000000687800000, 0x0000000687800000, 0x0000000687c00000|  0%| F|  |TAMS 0x0000000687800000| PB 0x0000000687800000| Untracked 
|  11|0x0000000687c00000, 0x0000000687c00000, 0x0000000688000000|  0%| F|  |TAMS 0x0000000687c00000| PB 0x0000000687c00000| Untracked 
|  12|0x0000000688000000, 0x0000000688000000, 0x0000000688400000|  0%| F|  |TAMS 0x0000000688000000| PB 0x0000000688000000| Untracked 
|  13|0x0000000688400000, 0x0000000688400000, 0x0000000688800000|  0%| F|  |TAMS 0x0000000688400000| PB 0x0000000688400000| Untracked 
|  14|0x0000000688800000, 0x0000000688800000, 0x0000000688c00000|  0%| F|  |TAMS 0x0000000688800000| PB 0x0000000688800000| Untracked 
|  15|0x0000000688c00000, 0x0000000688c00000, 0x0000000689000000|  0%| F|  |TAMS 0x0000000688c00000| PB 0x0000000688c00000| Untracked 
|  16|0x0000000689000000, 0x0000000689000000, 0x0000000689400000|  0%| F|  |TAMS 0x0000000689000000| PB 0x0000000689000000| Untracked 
|  17|0x0000000689400000, 0x0000000689400000, 0x0000000689800000|  0%| F|  |TAMS 0x0000000689400000| PB 0x0000000689400000| Untracked 
|  18|0x0000000689800000, 0x0000000689800000, 0x0000000689c00000|  0%| F|  |TAMS 0x0000000689800000| PB 0x0000000689800000| Untracked 
|  19|0x0000000689c00000, 0x0000000689c00000, 0x000000068a000000|  0%| F|  |TAMS 0x0000000689c00000| PB 0x0000000689c00000| Untracked 
|  20|0x000000068a000000, 0x000000068a000000, 0x000000068a400000|  0%| F|  |TAMS 0x000000068a000000| PB 0x000000068a000000| Untracked 
|  21|0x000000068a400000, 0x000000068a400000, 0x000000068a800000|  0%| F|  |TAMS 0x000000068a400000| PB 0x000000068a400000| Untracked 
|  22|0x000000068a800000, 0x000000068a800000, 0x000000068ac00000|  0%| F|  |TAMS 0x000000068a800000| PB 0x000000068a800000| Untracked 
|  23|0x000000068ac00000, 0x000000068ac00000, 0x000000068b000000|  0%| F|  |TAMS 0x000000068ac00000| PB 0x000000068ac00000| Untracked 
|  24|0x000000068b000000, 0x000000068b000000, 0x000000068b400000|  0%| F|  |TAMS 0x000000068b000000| PB 0x000000068b000000| Untracked 
|  25|0x000000068b400000, 0x000000068b400000, 0x000000068b800000|  0%| F|  |TAMS 0x000000068b400000| PB 0x000000068b400000| Untracked 
|  26|0x000000068b800000, 0x000000068b800000, 0x000000068bc00000|  0%| F|  |TAMS 0x000000068b800000| PB 0x000000068b800000| Untracked 
|  27|0x000000068bc00000, 0x000000068bc00000, 0x000000068c000000|  0%| F|  |TAMS 0x000000068bc00000| PB 0x000000068bc00000| Untracked 
|  28|0x000000068c000000, 0x000000068c000000, 0x000000068c400000|  0%| F|  |TAMS 0x000000068c000000| PB 0x000000068c000000| Untracked 
|  29|0x000000068c400000, 0x000000068c400000, 0x000000068c800000|  0%| F|  |TAMS 0x000000068c400000| PB 0x000000068c400000| Untracked 
|  30|0x000000068c800000, 0x000000068c800000, 0x000000068cc00000|  0%| F|  |TAMS 0x000000068c800000| PB 0x000000068c800000| Untracked 
|  31|0x000000068cc00000, 0x000000068cc00000, 0x000000068d000000|  0%| F|  |TAMS 0x000000068cc00000| PB 0x000000068cc00000| Untracked 
|  32|0x000000068d000000, 0x000000068d000000, 0x000000068d400000|  0%| F|  |TAMS 0x000000068d000000| PB 0x000000068d000000| Untracked 
|  33|0x000000068d400000, 0x000000068d400000, 0x000000068d800000|  0%| F|  |TAMS 0x000000068d400000| PB 0x000000068d400000| Untracked 
|  34|0x000000068d800000, 0x000000068d800000, 0x000000068dc00000|  0%| F|  |TAMS 0x000000068d800000| PB 0x000000068d800000| Untracked 
|  35|0x000000068dc00000, 0x000000068dc00000, 0x000000068e000000|  0%| F|  |TAMS 0x000000068dc00000| PB 0x000000068dc00000| Untracked 
|  36|0x000000068e000000, 0x000000068e000000, 0x000000068e400000|  0%| F|  |TAMS 0x000000068e000000| PB 0x000000068e000000| Untracked 
|  37|0x000000068e400000, 0x000000068e400000, 0x000000068e800000|  0%| F|  |TAMS 0x000000068e400000| PB 0x000000068e400000| Untracked 
|  38|0x000000068e800000, 0x000000068e800000, 0x000000068ec00000|  0%| F|  |TAMS 0x000000068e800000| PB 0x000000068e800000| Untracked 
|  39|0x000000068ec00000, 0x000000068ec00000, 0x000000068f000000|  0%| F|  |TAMS 0x000000068ec00000| PB 0x000000068ec00000| Untracked 
|  40|0x000000068f000000, 0x000000068f000000, 0x000000068f400000|  0%| F|  |TAMS 0x000000068f000000| PB 0x000000068f000000| Untracked 
|  41|0x000000068f400000, 0x000000068f400000, 0x000000068f800000|  0%| F|  |TAMS 0x000000068f400000| PB 0x000000068f400000| Untracked 
|  42|0x000000068f800000, 0x000000068f800000, 0x000000068fc00000|  0%| F|  |TAMS 0x000000068f800000| PB 0x000000068f800000| Untracked 
|  43|0x000000068fc00000, 0x000000068fc00000, 0x0000000690000000|  0%| F|  |TAMS 0x000000068fc00000| PB 0x000000068fc00000| Untracked 
|  44|0x0000000690000000, 0x0000000690000000, 0x0000000690400000|  0%| F|  |TAMS 0x0000000690000000| PB 0x0000000690000000| Untracked 
|  45|0x0000000690400000, 0x0000000690400000, 0x0000000690800000|  0%| F|  |TAMS 0x0000000690400000| PB 0x0000000690400000| Untracked 
|  46|0x0000000690800000, 0x0000000690800000, 0x0000000690c00000|  0%| F|  |TAMS 0x0000000690800000| PB 0x0000000690800000| Untracked 
|  47|0x0000000690c00000, 0x0000000690c00000, 0x0000000691000000|  0%| F|  |TAMS 0x0000000690c00000| PB 0x0000000690c00000| Untracked 
|  48|0x0000000691000000, 0x0000000691000000, 0x0000000691400000|  0%| F|  |TAMS 0x0000000691000000| PB 0x0000000691000000| Untracked 
|  49|0x0000000691400000, 0x0000000691400000, 0x0000000691800000|  0%| F|  |TAMS 0x0000000691400000| PB 0x0000000691400000| Untracked 
|  50|0x0000000691800000, 0x0000000691800000, 0x0000000691c00000|  0%| F|  |TAMS 0x0000000691800000| PB 0x0000000691800000| Untracked 
|  51|0x0000000691c00000, 0x0000000691c00000, 0x0000000692000000|  0%| F|  |TAMS 0x0000000691c00000| PB 0x0000000691c00000| Untracked 
|  52|0x0000000692000000, 0x0000000692000000, 0x0000000692400000|  0%| F|  |TAMS 0x0000000692000000| PB 0x0000000692000000| Untracked 
|  53|0x0000000692400000, 0x0000000692400000, 0x0000000692800000|  0%| F|  |TAMS 0x0000000692400000| PB 0x0000000692400000| Untracked 
|  54|0x0000000692800000, 0x0000000692800000, 0x0000000692c00000|  0%| F|  |TAMS 0x0000000692800000| PB 0x0000000692800000| Untracked 
|  55|0x0000000692c00000, 0x0000000692c00000, 0x0000000693000000|  0%| F|  |TAMS 0x0000000692c00000| PB 0x0000000692c00000| Untracked 
|  56|0x0000000693000000, 0x0000000693000000, 0x0000000693400000|  0%| F|  |TAMS 0x0000000693000000| PB 0x0000000693000000| Untracked 
|  57|0x0000000693400000, 0x0000000693400000, 0x0000000693800000|  0%| F|  |TAMS 0x0000000693400000| PB 0x0000000693400000| Untracked 
|  58|0x0000000693800000, 0x0000000693800000, 0x0000000693c00000|  0%| F|  |TAMS 0x0000000693800000| PB 0x0000000693800000| Untracked 
|  59|0x0000000693c00000, 0x0000000693c00000, 0x0000000694000000|  0%| F|  |TAMS 0x0000000693c00000| PB 0x0000000693c00000| Untracked 
|  60|0x0000000694000000, 0x0000000694000000, 0x0000000694400000|  0%| F|  |TAMS 0x0000000694000000| PB 0x0000000694000000| Untracked 
|  61|0x0000000694400000, 0x0000000694400000, 0x0000000694800000|  0%| F|  |TAMS 0x0000000694400000| PB 0x0000000694400000| Untracked 
|  62|0x0000000694800000, 0x0000000694800000, 0x0000000694c00000|  0%| F|  |TAMS 0x0000000694800000| PB 0x0000000694800000| Untracked 
|  63|0x0000000694c00000, 0x0000000694c00000, 0x0000000695000000|  0%| F|  |TAMS 0x0000000694c00000| PB 0x0000000694c00000| Untracked 
|  64|0x0000000695000000, 0x0000000695000000, 0x0000000695400000|  0%| F|  |TAMS 0x0000000695000000| PB 0x0000000695000000| Untracked 
|  65|0x0000000695400000, 0x0000000695400000, 0x0000000695800000|  0%| F|  |TAMS 0x0000000695400000| PB 0x0000000695400000| Untracked 
|  66|0x0000000695800000, 0x0000000695800000, 0x0000000695c00000|  0%| F|  |TAMS 0x0000000695800000| PB 0x0000000695800000| Untracked 
|  67|0x0000000695c00000, 0x0000000695c00000, 0x0000000696000000|  0%| F|  |TAMS 0x0000000695c00000| PB 0x0000000695c00000| Untracked 
|  68|0x0000000696000000, 0x0000000696000000, 0x0000000696400000|  0%| F|  |TAMS 0x0000000696000000| PB 0x0000000696000000| Untracked 
|  69|0x0000000696400000, 0x0000000696400000, 0x0000000696800000|  0%| F|  |TAMS 0x0000000696400000| PB 0x0000000696400000| Untracked 
|  70|0x0000000696800000, 0x0000000696800000, 0x0000000696c00000|  0%| F|  |TAMS 0x0000000696800000| PB 0x0000000696800000| Untracked 
|  71|0x0000000696c00000, 0x0000000696c00000, 0x0000000697000000|  0%| F|  |TAMS 0x0000000696c00000| PB 0x0000000696c00000| Untracked 
|  72|0x0000000697000000, 0x0000000697000000, 0x0000000697400000|  0%| F|  |TAMS 0x0000000697000000| PB 0x0000000697000000| Untracked 
|  73|0x0000000697400000, 0x0000000697400000, 0x0000000697800000|  0%| F|  |TAMS 0x0000000697400000| PB 0x0000000697400000| Untracked 
|  74|0x0000000697800000, 0x0000000697800000, 0x0000000697c00000|  0%| F|  |TAMS 0x0000000697800000| PB 0x0000000697800000| Untracked 
|  75|0x0000000697c00000, 0x0000000697c00000, 0x0000000698000000|  0%| F|  |TAMS 0x0000000697c00000| PB 0x0000000697c00000| Untracked 
|  76|0x0000000698000000, 0x0000000698000000, 0x0000000698400000|  0%| F|  |TAMS 0x0000000698000000| PB 0x0000000698000000| Untracked 
|  77|0x0000000698400000, 0x0000000698400000, 0x0000000698800000|  0%| F|  |TAMS 0x0000000698400000| PB 0x0000000698400000| Untracked 
|  78|0x0000000698800000, 0x0000000698800000, 0x0000000698c00000|  0%| F|  |TAMS 0x0000000698800000| PB 0x0000000698800000| Untracked 
|  79|0x0000000698c00000, 0x0000000698c00000, 0x0000000699000000|  0%| F|  |TAMS 0x0000000698c00000| PB 0x0000000698c00000| Untracked 
|  80|0x0000000699000000, 0x0000000699000000, 0x0000000699400000|  0%| F|  |TAMS 0x0000000699000000| PB 0x0000000699000000| Untracked 
|  81|0x0000000699400000, 0x0000000699400000, 0x0000000699800000|  0%| F|  |TAMS 0x0000000699400000| PB 0x0000000699400000| Untracked 
|  82|0x0000000699800000, 0x0000000699800000, 0x0000000699c00000|  0%| F|  |TAMS 0x0000000699800000| PB 0x0000000699800000| Untracked 
|  83|0x0000000699c00000, 0x0000000699c00000, 0x000000069a000000|  0%| F|  |TAMS 0x0000000699c00000| PB 0x0000000699c00000| Untracked 
|  84|0x000000069a000000, 0x000000069a000000, 0x000000069a400000|  0%| F|  |TAMS 0x000000069a000000| PB 0x000000069a000000| Untracked 
|  85|0x000000069a400000, 0x000000069a400000, 0x000000069a800000|  0%| F|  |TAMS 0x000000069a400000| PB 0x000000069a400000| Untracked 
|  86|0x000000069a800000, 0x000000069a800000, 0x000000069ac00000|  0%| F|  |TAMS 0x000000069a800000| PB 0x000000069a800000| Untracked 
|  87|0x000000069ac00000, 0x000000069ac00000, 0x000000069b000000|  0%| F|  |TAMS 0x000000069ac00000| PB 0x000000069ac00000| Untracked 
|  88|0x000000069b000000, 0x000000069b000000, 0x000000069b400000|  0%| F|  |TAMS 0x000000069b000000| PB 0x000000069b000000| Untracked 
|  89|0x000000069b400000, 0x000000069b400000, 0x000000069b800000|  0%| F|  |TAMS 0x000000069b400000| PB 0x000000069b400000| Untracked 
|  90|0x000000069b800000, 0x000000069b800000, 0x000000069bc00000|  0%| F|  |TAMS 0x000000069b800000| PB 0x000000069b800000| Untracked 
|  91|0x000000069bc00000, 0x000000069bc00000, 0x000000069c000000|  0%| F|  |TAMS 0x000000069bc00000| PB 0x000000069bc00000| Untracked 
|  92|0x000000069c000000, 0x000000069c000000, 0x000000069c400000|  0%| F|  |TAMS 0x000000069c000000| PB 0x000000069c000000| Untracked 
|  93|0x000000069c400000, 0x000000069c466e78, 0x000000069c800000| 10%| E|  |TAMS 0x000000069c400000| PB 0x000000069c400000| Complete 
|  94|0x000000069c800000, 0x000000069cc00000, 0x000000069cc00000|100%| E|CS|TAMS 0x000000069c800000| PB 0x000000069c800000| Complete 

Card table byte_map: [0x000001fce56f0000,0x000001fce62d0000] _byte_map_base: 0x000001fce22c8000

Marking Bits: (CMBitMap*) 0x000001fcd91002f0
 Bits: [0x000001fce62d0000, 0x000001fcec190000)

Polling page: 0x000001fcd6f90000

Metaspace:

Usage:
  Non-class:    326.92 KB used.
      Class:     31.54 KB used.
       Both:    358.46 KB used.

Virtual space:
  Non-class space:       64.00 MB reserved,     384.00 KB ( <1%) committed,  1 nodes.
      Class space:        1.00 GB reserved,     128.00 KB ( <1%) committed,  1 nodes.
             Both:        1.06 GB reserved,     512.00 KB ( <1%) committed. 

Chunk freelists:
   Non-Class:  11.99 MB
       Class:  15.74 MB
        Both:  27.73 MB

MaxMetaspaceSize: unlimited
CompressedClassSpaceSize: 1.00 GB
Initial GC threshold: 21.00 MB
Current GC threshold: 21.00 MB
CDS: on
 - commit_granule_bytes: 65536.
 - commit_granule_words: 8192.
 - virtual_space_node_default_size: 8388608.
 - enlarge_chunks_in_place: 1.
 - use_allocation_guard: 0.


Internal statistics:

num_allocs_failed_limit: 0.
num_arena_births: 8.
num_arena_deaths: 0.
num_vsnodes_births: 2.
num_vsnodes_deaths: 0.
num_space_committed: 8.
num_space_uncommitted: 0.
num_chunks_returned_to_freelist: 0.
num_chunks_taken_from_freelist: 11.
num_chunk_merges: 0.
num_chunk_splits: 7.
num_chunks_enlarged: 2.
num_inconsistent_stats: 0.

CodeCache: size=49152Kb used=3736Kb max_used=3736Kb free=45415Kb
 bounds [0x000001fce14b0000, 0x000001fce18c0000, 0x000001fce44b0000]
 total_blobs=631 nmethods=232 adapters=320
 compilation: disabled (not enough contiguous free space left)
              stopped_count=1, restarted_count=0
 full_count=1

Compilation events (20 events):
Event: 0.153 Thread 0x000001fcef46ae50  218       1       java.io.BufferedInputStream::getBufIfOpen (6 bytes)
Event: 0.153 Thread 0x000001fcef46ae50 nmethod 218 0x000001fce17be710 code [0x000001fce17be8c0, 0x000001fce17be9a8]
Event: 0.153 Thread 0x000001fcef46ae50  219       1       java.io.BufferedInputStream::getBufIfOpen (61 bytes)
Event: 0.153 Thread 0x000001fcef4ea570 nmethod 217 0x000001fce17bea10 code [0x000001fce17bebc0, 0x000001fce17bed30]
Event: 0.153 Thread 0x000001fcef4ea570  225       1       java.io.BufferedInputStream::implRead (112 bytes)
Event: 0.153 Thread 0x000001fcef46ae50 nmethod 219 0x000001fce17bee10 code [0x000001fce17befc0, 0x000001fce17bf278]
Event: 0.153 Thread 0x000001fcef46ae50  220       1       jdk.internal.misc.InternalLock::lock (8 bytes)
Event: 0.154 Thread 0x000001fcef4ea570 nmethod 225 0x000001fce17bf390 code [0x000001fce17bf580, 0x000001fce17bf900]
Event: 0.154 Thread 0x000001fcef4ea570  221       1       jdk.internal.misc.InternalLock::unlock (8 bytes)
Event: 0.154 Thread 0x000001fcef46ae50 nmethod 220 0x000001fce17bfa90 code [0x000001fce17bfc60, 0x000001fce17bfe18]
Event: 0.154 Thread 0x000001fcef4ea570 nmethod 221 0x000001fce17bff90 code [0x000001fce17c0140, 0x000001fce17c02c0]
Event: 0.154 Thread 0x000001fcef35b7e0 nmethod 230 0x000001fce17c0410 code [0x000001fce17c0760, 0x000001fce17c1788]
Event: 0.154 Thread 0x000001fcef35b7e0  227       1       java.io.BufferedInputStream::read1 (121 bytes)
Event: 0.154 Thread 0x000001fcef46f970  216       1       java.util.concurrent.locks.AbstractQueuedSynchronizer::signalNext (34 bytes)
Event: 0.154 Thread 0x000001fcef46ae50  224   !   1       java.io.BufferedInputStream::read (69 bytes)
Event: 0.154 Thread 0x000001fcef4ea570  226       1       java.io.BufferedInputStream::ensureOpen (18 bytes)
Event: 0.154 Thread 0x000001fcef4ea570 nmethod 226 0x000001fce184ee90 code [0x000001fce184f040, 0x000001fce184f188]
Event: 0.154 Thread 0x000001fcef46f970 nmethod 216 0x000001fce184f210 code [0x000001fce184f3e0, 0x000001fce184f5e0]
Event: 0.154 Thread 0x000001fcef35b7e0 nmethod 227 0x000001fce184f790 code [0x000001fce184f9a0, 0x000001fce184fd50]
Event: 0.154 Thread 0x000001fcef46ae50 nmethod 224 0x000001fce184ff10 code [0x000001fce1850140, 0x000001fce1850648]

GC Heap History (0 events):
No events

Dll operation events (7 events):
Event: 0.013 Loaded shared library C:\Users\amine\.jdks\openjdk-21.0.1\bin\java.dll
Event: 0.107 Loaded shared library C:\Users\amine\.jdks\openjdk-21.0.1\bin\zip.dll
Event: 0.111 Loaded shared library C:\Users\amine\.jdks\openjdk-21.0.1\bin\instrument.dll
Event: 0.115 Loaded shared library C:\Users\amine\.jdks\openjdk-21.0.1\bin\net.dll
Event: 0.117 Loaded shared library C:\Users\amine\.jdks\openjdk-21.0.1\bin\nio.dll
Event: 0.156 Loaded shared library C:\Users\amine\.jdks\openjdk-21.0.1\bin\zip.dll
Event: 0.161 Loaded shared library C:\Users\amine\.jdks\openjdk-21.0.1\bin\jimage.dll

Deoptimization events (0 events):
No events

Classes loaded (20 events):
Event: 0.150 Loading class sun/nio/cs/Surrogate$Parser
Event: 0.150 Loading class sun/nio/cs/Surrogate$Parser done
Event: 0.150 Loading class sun/nio/cs/Surrogate
Event: 0.150 Loading class sun/nio/cs/Surrogate done
Event: 0.156 Loading class sun/util/calendar/ZoneInfoFile$Checksum
Event: 0.156 Loading class sun/util/calendar/ZoneInfoFile$Checksum done
Event: 0.157 Loading class sun/util/locale/provider/TimeZoneNameUtility
Event: 0.157 Loading class sun/util/locale/provider/TimeZoneNameUtility done
Event: 0.157 Loading class sun/util/locale/provider/TimeZoneNameUtility$TimeZoneNameGetter
Event: 0.157 Loading class sun/util/locale/provider/TimeZoneNameUtility$TimeZoneNameGetter done
Event: 0.160 Loading class jdk/internal/module/ModulePatcher$PatchedModuleReader
Event: 0.160 Loading class jdk/internal/module/ModulePatcher$PatchedModuleReader done
Event: 0.162 Loading class sun/net/www/protocol/jrt/Handler
Event: 0.162 Loading class sun/net/www/protocol/jrt/Handler done
Event: 0.163 Loading class sun/util/cldr/CLDRTimeZoneNameProviderImpl
Event: 0.163 Loading class sun/util/locale/provider/TimeZoneNameProviderImpl
Event: 0.163 Loading class sun/util/locale/provider/TimeZoneNameProviderImpl done
Event: 0.164 Loading class sun/util/cldr/CLDRTimeZoneNameProviderImpl done
Event: 0.167 Loading class sun/util/locale/provider/BaseLocaleDataMetaInfo
Event: 0.167 Loading class sun/util/locale/provider/BaseLocaleDataMetaInfo done

Classes unloaded (0 events):
No events

Classes redefined (0 events):
No events

Internal exceptions (0 events):
No events

ZGC Phase Switch (0 events):
No events

VM Operations (2 events):
Event: 0.101 Executing VM operation: HandshakeAllThreads (Deoptimize)
Event: 0.101 Executing VM operation: HandshakeAllThreads (Deoptimize) done

Events (15 events):
Event: 0.040 Thread 0x000001fcd907b5e0 Thread added: 0x000001fcd907b5e0
Event: 0.053 Thread 0x000001fcee767ed0 Thread added: 0x000001fcee767ed0
Event: 0.053 Thread 0x000001fcee76a940 Thread added: 0x000001fcee76a940
Event: 0.053 Thread 0x000001fcee76d4e0 Thread added: 0x000001fcee76d4e0
Event: 0.053 Thread 0x000001fcee76e7b0 Thread added: 0x000001fcee76e7b0
Event: 0.053 Thread 0x000001fcef352480 Thread added: 0x000001fcef352480
Event: 0.053 Thread 0x000001fcef355700 Thread added: 0x000001fcef355700
Event: 0.054 Thread 0x000001fcef35b7e0 Thread added: 0x000001fcef35b7e0
Event: 0.095 Thread 0x000001fcef44bbd0 Thread added: 0x000001fcef44bbd0
Event: 0.100 Thread 0x000001fcef46ae50 Thread added: 0x000001fcef46ae50
Event: 0.101 Thread 0x000001fcef46f970 Thread added: 0x000001fcef46f970
Event: 0.153 Thread 0x000001fcef4ea570 Thread added: 0x000001fcef4ea570
Event: 0.153 Thread 0x000001fcef4eb850 Thread added: 0x000001fcef4eb850
Event: 0.153 Thread 0x000001fcef4ec310 Thread added: 0x000001fcef4ec310
Event: 0.154 Thread 0x000001fcef4ec310 Thread exited: 0x000001fcef4ec310


Dynamic libraries:
0x00007ff783930000 - 0x00007ff78393e000 	C:\Users\amine\.jdks\openjdk-21.0.1\bin\java.exe
0x00007ffb0b380000 - 0x00007ffb0b5e8000 	C:\WINDOWS\SYSTEM32\ntdll.dll
0x00007ffb0a500000 - 0x00007ffb0a5c9000 	C:\WINDOWS\System32\KERNEL32.DLL
0x00007ffb08af0000 - 0x00007ffb08ee8000 	C:\WINDOWS\System32\KERNELBASE.dll
0x00007ffb08600000 - 0x00007ffb0874b000 	C:\WINDOWS\System32\ucrtbase.dll
0x00007ffad6dc0000 - 0x00007ffad6ddb000 	C:\Users\amine\.jdks\openjdk-21.0.1\bin\VCRUNTIME140.dll
0x00007ffadde40000 - 0x00007ffadde58000 	C:\Users\amine\.jdks\openjdk-21.0.1\bin\jli.dll
0x00007ffb094a0000 - 0x00007ffb09667000 	C:\WINDOWS\System32\USER32.dll
0x00007ffadf120000 - 0x00007ffadf3b4000 	C:\WINDOWS\WinSxS\amd64_microsoft.windows.common-controls_6595b64144ccf1df_6.0.26100.7019_none_3e06ffa0e335b8a8\COMCTL32.dll
0x00007ffb08ef0000 - 0x00007ffb08f17000 	C:\WINDOWS\System32\win32u.dll
0x00007ffb09120000 - 0x00007ffb091c9000 	C:\WINDOWS\System32\msvcrt.dll
0x00007ffb0acf0000 - 0x00007ffb0ad1b000 	C:\WINDOWS\System32\GDI32.dll
0x00007ffb084d0000 - 0x00007ffb085fc000 	C:\WINDOWS\System32\gdi32full.dll
0x00007ffb08750000 - 0x00007ffb087f3000 	C:\WINDOWS\System32\msvcp_win.dll
0x00007ffb0a8d0000 - 0x00007ffb0a901000 	C:\WINDOWS\System32\IMM32.DLL
0x00007ffadde70000 - 0x00007ffadde7c000 	C:\Users\amine\.jdks\openjdk-21.0.1\bin\vcruntime140_1.dll
0x00007ffa78da0000 - 0x00007ffa78e2e000 	C:\Users\amine\.jdks\openjdk-21.0.1\bin\msvcp140.dll
0x00007ffa0d240000 - 0x00007ffa0df55000 	C:\Users\amine\.jdks\openjdk-21.0.1\bin\server\jvm.dll
0x00007ffb0a9a0000 - 0x00007ffb0aa54000 	C:\WINDOWS\System32\ADVAPI32.dll
0x00007ffb091d0000 - 0x00007ffb09276000 	C:\WINDOWS\System32\sechost.dll
0x00007ffb0a7b0000 - 0x00007ffb0a8c8000 	C:\WINDOWS\System32\RPCRT4.dll
0x00007ffb0a5d0000 - 0x00007ffb0a644000 	C:\WINDOWS\System32\WS2_32.dll
0x00007ffb08330000 - 0x00007ffb0838e000 	C:\WINDOWS\SYSTEM32\POWRPROF.dll
0x00007ffafbc90000 - 0x00007ffafbc9b000 	C:\WINDOWS\SYSTEM32\VERSION.dll
0x00007ffaf9660000 - 0x00007ffaf9695000 	C:\WINDOWS\SYSTEM32\WINMM.dll
0x00007ffb08310000 - 0x00007ffb08324000 	C:\WINDOWS\SYSTEM32\UMPDC.dll
0x00007ffb07260000 - 0x00007ffb0727b000 	C:\WINDOWS\SYSTEM32\kernel.appcore.dll
0x00007ffad6f50000 - 0x00007ffad6f5a000 	C:\Users\amine\.jdks\openjdk-21.0.1\bin\jimage.dll
0x00007ffb05c60000 - 0x00007ffb05ea2000 	C:\WINDOWS\SYSTEM32\DBGHELP.DLL
0x00007ffb097b0000 - 0x00007ffb09b3b000 	C:\WINDOWS\System32\combase.dll
0x00007ffb0abd0000 - 0x00007ffb0aca7000 	C:\WINDOWS\System32\OLEAUT32.dll
0x00007ffae1840000 - 0x00007ffae187c000 	C:\WINDOWS\SYSTEM32\dbgcore.DLL
0x00007ffb08f20000 - 0x00007ffb08fc5000 	C:\WINDOWS\System32\bcryptPrimitives.dll
0x00007ffac7660000 - 0x00007ffac766f000 	C:\Users\amine\.jdks\openjdk-21.0.1\bin\instrument.dll
0x00007ffad6c70000 - 0x00007ffad6c8f000 	C:\Users\amine\.jdks\openjdk-21.0.1\bin\java.dll
0x00007ffb09bc0000 - 0x00007ffb0a30f000 	C:\WINDOWS\System32\SHELL32.dll
0x00007ffb08800000 - 0x00007ffb0896b000 	C:\WINDOWS\System32\wintypes.dll
0x00007ffb060a0000 - 0x00007ffb068fd000 	C:\WINDOWS\SYSTEM32\windows.storage.dll
0x00007ffb096b0000 - 0x00007ffb097a2000 	C:\WINDOWS\System32\SHCORE.dll
0x00007ffb0b1b0000 - 0x00007ffb0b217000 	C:\WINDOWS\System32\shlwapi.dll
0x00007ffb083f0000 - 0x00007ffb08419000 	C:\WINDOWS\SYSTEM32\profapi.dll
0x00007ffaaafd0000 - 0x00007ffaaafe8000 	C:\Users\amine\.jdks\openjdk-21.0.1\bin\zip.dll
0x00007ffad6db0000 - 0x00007ffad6dc0000 	C:\Users\amine\.jdks\openjdk-21.0.1\bin\net.dll
0x00007ffafeb50000 - 0x00007ffafec78000 	C:\WINDOWS\SYSTEM32\WINHTTP.dll
0x00007ffb077d0000 - 0x00007ffb0783b000 	C:\WINDOWS\system32\mswsock.dll
0x00007ffab1690000 - 0x00007ffab16a6000 	C:\Users\amine\.jdks\openjdk-21.0.1\bin\nio.dll

dbghelp: loaded successfully - version: 4.0.5 - missing functions: none
symbol engine: initialized successfully - sym options: 0x614 - pdb path: .;C:\Users\amine\.jdks\openjdk-21.0.1\bin;C:\WINDOWS\SYSTEM32;C:\WINDOWS\WinSxS\amd64_microsoft.windows.common-controls_6595b64144ccf1df_6.0.26100.7019_none_3e06ffa0e335b8a8;C:\Users\amine\.jdks\openjdk-21.0.1\bin\server

VM Arguments:
jvm_args: -XX:TieredStopAtLevel=1 -Dspring.output.ansi.enabled=always -Dcom.sun.management.jmxremote -Dspring.jmx.enabled=true -Dspring.liveBeansView.mbeanDomain -Dspring.application.admin.enabled=true -Dmanagement.endpoints.jmx.exposure.include=* -javaagent:C:\Program Files\JetBrains\IntelliJ IDEA 2023.3\lib\idea_rt.jar=53407:C:\Program Files\JetBrains\IntelliJ IDEA 2023.3\bin -Dfile.encoding=UTF-8 -Dsun.stdout.encoding=UTF-8 -Dsun.stderr.encoding=UTF-8 
java_command: org.example.serviceelectro.ServiceElectroApplication
java_class_path (initial): C:\Users\amine\workspace\ReparationService\ServiceElectro\target\classes;C:\Users\amine\.m2\repository\org\springframework\boot\spring-boot-starter-data-jpa\3.4.3\spring-boot-starter-data-jpa-3.4.3.jar;C:\Users\amine\.m2\repository\org\springframework\boot\spring-boot-starter\3.4.3\spring-boot-starter-3.4.3.jar;C:\Users\amine\.m2\repository\org\springframework\boot\spring-boot\3.4.3\spring-boot-3.4.3.jar;C:\Users\amine\.m2\repository\org\springframework\boot\spring-boot-autoconfigure\3.4.3\spring-boot-autoconfigure-3.4.3.jar;C:\Users\amine\.m2\repository\org\springframework\boot\spring-boot-starter-logging\3.4.3\spring-boot-starter-logging-3.4.3.jar;C:\Users\amine\.m2\repository\ch\qos\logback\logback-classic\1.5.16\logback-classic-1.5.16.jar;C:\Users\amine\.m2\repository\ch\qos\logback\logback-core\1.5.16\logback-core-1.5.16.jar;C:\Users\amine\.m2\repository\org\apache\logging\log4j\log4j-to-slf4j\2.24.3\log4j-to-slf4j-2.24.3.jar;C:\Users\amine\.m2\repository\org\apache\logging\log4j\log4j-api\2.24.3\log4j-api-2.24.3.jar;C:\Users\amine\.m2\repository\org\slf4j\jul-to-slf4j\2.0.16\jul-to-slf4j-2.0.16.jar;C:\Users\amine\.m2\repository\jakarta\annotation\jakarta.annotation-api\2.1.1\jakarta.annotation-api-2.1.1.jar;C:\Users\amine\.m2\repository\org\yaml\snakeyaml\2.3\snakeyaml-2.3.jar;C:\Users\amine\.m2\repository\org\springframework\boot\spring-boot-starter-jdbc\3.4.3\spring-boot-starter-jdbc-3.4.3.jar;C:\Users\amine\.m2\repository\com\zaxxer\HikariCP\5.1.0\HikariCP-5.1.0.jar;C:\Users\amine\.m2\repository\org\springframework\spring-jdbc\6.2.3\spring-jdbc-6.2.3.jar;C:\Users\amine\.m2\repository\org\hibernate\orm\hibernate-core\6.6.8.Final\hibernate-core-6.6.8.Final.jar;C:\Users\amine\.m2\repository\jakarta\persistence\jakarta.persistence-api\3.1.0\jakarta.persistence-api-3.1.0.jar;C:\Users\amine\.m2\repository\jakarta\transaction\jakarta.transaction-api\2.0.1\jakarta.transaction-api-2.0.1.jar;C:\Users\amine\.m2\repository\org\hibernate\common\hibernate-commons-annotations\7.0.3.Final\hibernate-commons-annotations-7.0.3.Final.jar;C:\Users\amine\.m2\repository\io\smallrye\jandex\3.2.0\jandex-3.2.0.jar;C:\Users\amine\.m2\repository\net\bytebuddy\byte-buddy\1.15.11\byte-buddy-1.15.11.jar;C:\Users\amine\.m2\repository\org\glassfish\jaxb\jaxb-runtime\4.0.5\jaxb-runtime-4.0.5.jar;C:\Users\amine\.m2\repository\org\glassfish\jaxb\jaxb-core\4.0.5\jaxb-core-4.0.5.jar;C:\Users\amine\.m2\repository\org\eclipse\angus\angus-activation\2.0.2\angus-activation-2.0.2.jar;C:\Users\amine\.m2\repository\org\glassfish\jaxb\txw2\4.0.5\txw2-4.0.5.jar;C:\Users\amine\.m2\repository\com\sun\istack\istack-commons-runtime\4.1.2\istack-commons-runtime-4.1.2.jar;C:\Users\amine\.m2\repository\jakarta\inject\jakarta.inject-api\2.0.1\jakarta.inject-api-2.0.1.jar;C:\Users\amine\.m2\repository\org\antlr\antlr4-runtime\4.13.0\antlr4-runtime-4.13.0.jar;C:\Users\amine\.m2\repository\org\springframework\data\spring-data-jpa\3.4.3\spring-data-jpa-3.4.3.jar;C:\Users\amine\.m2\repository\org\springframework\data\spring-data-commons\3.4.3\spring-data-commons-3.4.3.jar;C:\Users\amine\.m2\repository\org\springframework\spring-orm\6.2.3\spring-orm-6.2.3.jar;C:\Users\amine\.m2\repository\org\springframework\spring-context\6.2.3\spring-context-6.2.3.jar;C:\Users\amine\.m2\repository\org\springframework\spring-tx\6.2.3\spring-tx-6.2.3.jar;C:\Users\amine\.m2\repository\org\springframework\spring-beans\6.2.3\spring-beans-6.2.3.jar;C:\Users\amine\.m2\repository\org\slf4j\slf4j-api\2.0.16\slf4j-api-2.0.16.jar;C:\Users\amine\.m2\repository\org\springframework\spring-aspects\6.2.3\spring-aspects-6.2.3.jar;C:\Users\amine\.m2\repository\org\aspectj\aspectjweaver\1.9.22.1\aspectjweaver-1.9.22.1.jar;C:\Users\amine\.m2\repository\org\springframework\boot\spring-boot-starter-web\3.4.3\spring-boot-starter-web-3.4.3.jar;C:\Users\amine\.m2\repository\org\springframework\boot\spring-boot-starter-json\3.4.3\spring-boot-starter-json-3.4.3.jar;C:\Users\amine\.m2\repository\com\fasterxml\jackson\datatype\jackson-datatype-jdk8\2.18.2\jackson-datatype-jdk8-2.18.2.jar;C:\Users\amine\.m2\repository\com\fasterxml\jackson\module\jackson-module-parameter-names\2.18.2\jackson-module-parameter-names-2.18.2.jar;C:\Users\amine\.m2\repository\org\springframework\boot\spring-boot-starter-tomcat\3.4.3\spring-boot-starter-tomcat-3.4.3.jar;C:\Users\amine\.m2\repository\org\apache\tomcat\embed\tomcat-embed-core\10.1.36\tomcat-embed-core-10.1.36.jar;C:\Users\amine\.m2\repository\org\apache\tomcat\embed\tomcat-embed-websocket\10.1.36\tomcat-embed-websocket-10.1.36.jar;C:\Users\amine\.m2\repository\org\springframework\spring-web\6.2.3\spring-web-6.2.3.jar;C:\Users\amine\.m2\repository\org\springframework\spring-webmvc\6.2.3\spring-webmvc-6.2.3.jar;C:\Users\amine\.m2\repository\org\springframework\spring-expression\6.2.3\spring-expression-6.2.3.jar;C:\Users\amine\.m2\repository\org\springframework\boot\spring-boot-starter-validation\3.4.3\spring-boot-starter-validation-3.4.3.jar;C:\Users\amine\.m2\repository\org\apache\tomcat\embed\tomcat-embed-el\10.1.36\tomcat-embed-el-10.1.36.jar;C:\Users\amine\.m2\repository\org\springframework\boot\spring-boot-starter-security\3.4.3\spring-boot-starter-security-3.4.3.jar;C:\Users\amine\.m2\repository\org\springframework\spring-aop\6.2.3\spring-aop-6.2.3.jar;C:\Users\amine\.m2\repository\org\springframework\security\spring-security-config\6.4.3\spring-security-config-6.4.3.jar;C:\Users\amine\.m2\repository\org\springframework\security\spring-security-web\6.4.3\spring-security-web-6.4.3.jar;C:\Users\amine\.m2\repository\org\springframework\boot\spring-boot-starter-actuator\3.4.3\spring-boot-starter-actuator-3.4.3.jar;C:\Users\amine\.m2\repository\org\springframework\boot\spring-boot-actuator-autoconfigure\3.4.3\spring-boot-actuator-autoconfigure-3.4.3.jar;C:\Users\amine\.m2\repository\org\springframework\boot\spring-boot-actuator\3.4.3\spring-boot-actuator-3.4.3.jar;C:\Users\amine\.m2\repository\io\micrometer\micrometer-observation\1.14.4\micrometer-observation-1.14.4.jar;C:\Users\amine\.m2\repository\io\micrometer\micrometer-commons\1.14.4\micrometer-commons-1.14.4.jar;C:\Users\amine\.m2\repository\io\micrometer\micrometer-jakarta9\1.14.4\micrometer-jakarta9-1.14.4.jar;C:\Users\amine\.m2\repository\io\micrometer\micrometer-core\1.14.4\micrometer-core-1.14.4.jar;C:\Users\amine\.m2\repository\org\hdrhistogram\HdrHistogram\2.2.2\HdrHistogram-2.2.2.jar;C:\Users\amine\.m2\repository\org\latencyutils\LatencyUtils\2.0.3\LatencyUtils-2.0.3.jar;C:\Users\amine\.m2\repository\com\mysql\mysql-connector-j\9.1.0\mysql-connector-j-9.1.0.jar;C:\Users\amine\.m2\repository\org\projectlombok\lombok\1.18.34\lombok-1.18.34.jar;C:\Users\amine\.m2\repository\jakarta\xml\bind\jakarta.xml.bind-api\4.0.2\jakarta.xml.bind-api-4.0.2.jar;C:\Users\amine\.m2\repository\jakarta\activation\jakarta.activation-api\2.1.3\jakarta.activation-api-2.1.3.jar;C:\Users\amine\.m2\repository\org\springframework\spring-core\6.2.3\spring-core-6.2.3.jar;C:\Users\amine\.m2\repository\org\springframework\spring-jcl\6.2.3\spring-jcl-6.2.3.jar;C:\Users\amine\.m2\repository\jakarta\validation\jakarta.validation-api\3.0.2\jakarta.validation-api-3.0.2.jar;C:\Users\amine\.m2\repository\org\hibernate\validator\hibernate-validator\8.0.1.Final\hibernate-validator-8.0.1.Final.jar;C:\Users\amine\.m2\repository\org\jboss\logging\jboss-logging\3.6.1.Final\jboss-logging-3.6.1.Final.jar;C:\Users\amine\.m2\repository\com\fasterxml\classmate\1.7.0\classmate-1.7.0.jar;C:\Users\amine\.m2\repository\org\springframework\security\spring-security-core\6.4.3\spring-security-core-6.4.3.jar;C:\Users\amine\.m2\repository\org\springframework\security\spring-security-crypto\6.4.3\spring-security-crypto-6.4.3.jar;C:\Users\amine\.m2\repository\io\jsonwebtoken\jjwt-impl\0.12.5\jjwt-impl-0.12.5.jar;C:\Users\amine\.m2\repository\io\jsonwebtoken\jjwt-api\0.12.5\jjwt-api-0.12.5.jar;C:\Users\amine\.m2\repository\io\jsonwebtoken\jjwt-jackson\0.12.5\jjwt-jackson-0.12.5.jar;C:\Users\amine\.m2\repository\com\fasterxml\jackson\core\jackson-databind\2.18.2\jackson-databind-2.18.2.jar;C:\Users\amine\.m2\repository\com\fasterxml\jackson\core\jackson-annotations\2.18.2\jackson-annotations-2.18.2.jar;C:\Users\amine\.m2\repository\com\fasterxml\jackson\core\jackson-core\2.18.2\jackson-core-2.18.2.jar;C:\Users\amine\.m2\repository\com\amazonaws\aws-java-sdk-s3\1.12.728\aws-java-sdk-s3-1.12.728.jar;C:\Users\amine\.m2\repository\com\amazonaws\aws-java-sdk-kms\1.12.728\aws-java-sdk-kms-1.12.728.jar;C:\Users\amine\.m2\repository\com\amazonaws\aws-java-sdk-core\1.12.728\aws-java-sdk-core-1.12.728.jar;C:\Users\amine\.m2\repository\commons-logging\commons-logging\1.1.3\commons-logging-1.1.3.jar;C:\Users\amine\.m2\repository\commons-codec\commons-codec\1.17.2\commons-codec-1.17.2.jar;C:\Users\amine\.m2\repository\org\apache\httpcomponents\httpclient\4.5.13\httpclient-4.5.13.jar;C:\Users\amine\.m2\repository\org\apache\httpcomponents\httpcore\4.4.16\httpcore-4.4.16.jar;C:\Users\amine\.m2\repository\com\fasterxml\jackson\dataformat\jackson-dataformat-cbor\2.18.2\jackson-dataformat-cbor-2.18.2.jar;C:\Users\amine\.m2\repository\joda-time\joda-time\2.12.7\joda-time-2.12.7.jar;C:\Users\amine\.m2\repository\com\amazonaws\jmespath-java\1.12.728\jmespath-java-1.12.728.jar;C:\Users\amine\.m2\repository\org\flywaydb\flyway-core\10.20.1\flyway-core-10.20.1.jar;C:\Users\amine\.m2\repository\com\fasterxml\jackson\dataformat\jackson-dataformat-toml\2.18.2\jackson-dataformat-toml-2.18.2.jar;C:\Users\amine\.m2\repository\com\fasterxml\jackson\datatype\jackson-datatype-jsr310\2.18.2\jackson-datatype-jsr310-2.18.2.jar;C:\Users\amine\.m2\repository\org\flywaydb\flyway-mysql\10.20.1\flyway-mysql-10.20.1.jar
Launcher Type: SUN_STANDARD

[Global flags]
     intx CICompilerCount                          = 12                                        {product} {ergonomic}
     uint ConcGCThreads                            = 3                                         {product} {ergonomic}
     uint G1ConcRefinementThreads                  = 13                                        {product} {ergonomic}
   size_t G1HeapRegionSize                         = 4194304                                   {product} {ergonomic}
    uintx GCDrainStackTargetSize                   = 64                                        {product} {ergonomic}
   size_t InitialHeapSize                          = 398458880                                 {product} {ergonomic}
     bool ManagementServer                         = true                                      {product} {command line}
   size_t MarkStackSize                            = 4194304                                   {product} {ergonomic}
   size_t MaxHeapSize                              = 6358564864                                {product} {ergonomic}
   size_t MaxNewSize                               = 3812622336                                {product} {ergonomic}
   size_t MinHeapDeltaBytes                        = 4194304                                   {product} {ergonomic}
   size_t MinHeapSize                              = 8388608                                   {product} {ergonomic}
    uintx NonNMethodCodeHeapSize                   = 4096                                   {pd product} {ergonomic}
    uintx NonProfiledCodeHeapSize                  = 0                                      {pd product} {ergonomic}
     bool ProfileInterpreter                       = false                                  {pd product} {command line}
    uintx ProfiledCodeHeapSize                     = 0                                      {pd product} {ergonomic}
   size_t SoftMaxHeapSize                          = 6358564864                             {manageable} {ergonomic}
     intx TieredStopAtLevel                        = 1                                         {product} {command line}
     bool UseCompressedOops                        = true                           {product lp64_product} {ergonomic}
     bool UseG1GC                                  = true                                      {product} {ergonomic}
     bool UseLargePagesIndividualAllocation        = false                                  {pd product} {ergonomic}

Logging:
Log output configuration:
 #0: stdout all=warning uptime,level,tags foldmultilines=false
 #1: stderr all=off uptime,level,tags foldmultilines=false

Environment Variables:
JAVA_HOME=C:\Program Files\Java\jdk-21
PATH=C:\Python313\Scripts\;C:\Python313\;C:\Program Files\Eclipse Foundation\jdk-8.0.302.8-hotspot\bin;C:\Program Files\Common Files\Oracle\Java\javapath;C:\oraclexe\app\oracle\product\11.2.0\server\bin;C:\windows\system32;C:\windows;C:\windows\System32\Wbem;C:\windows\System32\WindowsPowerShell\v1.0\;C:\windows\System32\OpenSSH\;C:\Program Files (x86)\NVIDIA Corporation\PhysX\Common;C:\Program Files\dotnet\;C:\Program Files\HP\HP One Agent;C:\Program Files\Java\jdk-17\bin;C:\Program Files\Microsoft SQL Server\130\Tools\Binn\;C:\Program Files\Microsoft SQL Server\Client SDK\ODBC\170\Tools\Binn\;C:\WINDOWS\system32;C:\WINDOWS;C:\WINDOWS\System32\Wbem;C:\WINDOWS\System32\WindowsPowerShell\v1.0\;C:\WINDOWS\System32\OpenSSH\;C:\Users\amine\AppData\Local\Programs\Python\Python312\;C:\Users\amine\AppData\Local\Programs\Python\Python312\Scripts\;C:\Users\amine\AppData\Local\nvm;C:\nvm4w\nodejs;C:\ProgramData\chocolatey\bin;C:\Program Files\Git\cmd;C:\Program Files\NVIDIA Corporation\NVIDIA App\NvDLISR;D:\Program Files\cursor\resources\app\bin;C:\Program Files\nodejs\;C:\Program Files\MySQL\MySQL Shell 8.0\bin\;C:\Users\amine\AppData\Local\Programs\Python\Launcher\;C:\Users\amine\AppData\Local\Microsoft\WindowsApps;C:\Program Files\JetBrains\IntelliJ IDEA 2023.3\bin;;C:\Users\amine\AppData\Local\Programs\Microsoft VS Code\bin;C:\Program Files\JetBrains\PyCharm 2023.3.3\bin;;C:\Users\amine\.dotnet\tools;C:\Program Files\JetBrains\PhpStorm 2024.2.0.1\bin;;C:\Users\amine\AppData\Local\nvm;C:\nvm4w\nodejs;C:\flutter\bin;C:\Users\amine\AppData\Roaming\npm
USERNAME=amine
OS=Windows_NT
PROCESSOR_IDENTIFIER=Intel64 Family 6 Model 154 Stepping 3, GenuineIntel
TMP=C:\Users\amine\AppData\Local\Temp
TEMP=C:\Users\amine\AppData\Local\Temp




Periodic native trim disabled

---------------  S Y S T E M  ---------------

OS:
 Windows 11 , 64 bit Build 26100 (10.0.26100.7019)
OS uptime: 0 days 13:06 hours
Hyper-V role detected

CPU: total 16 (initial active 16) (8 cores per cpu, 2 threads per core) family 6 model 154 stepping 3 microcode 0x434, cx8, cmov, fxsr, ht, mmx, 3dnowpref, sse, sse2, sse3, ssse3, sse4.1, sse4.2, popcnt, lzcnt, tsc, tscinvbit, avx, avx2, aes, erms, clmul, bmi1, bmi2, adx, sha, fma, vzeroupper, clflush, clflushopt, clwb, hv, serialize, rdtscp, rdpid, fsrm, f16c, cet_ibt, cet_ss
Processor Information for all 16 processors :
  Max Mhz: 2500, Current Mhz: 2500, Mhz Limit: 2500

Memory: 4k page, system-wide physical 24243M (2749M free)
TotalPageFile size 35206M (AvailPageFile size 0M)
current process WorkingSet (physical memory assigned to process): 38M, peak: 38M
current process commit charge ("private bytes"): 474M, peak: 474M

vm_info: OpenJDK 64-Bit Server VM (21.0.1+12-29) for windows-amd64 JRE (21.0.1+12-29), built on 2023-10-05T13:27:09Z by "mach5one" with MS VC++ 17.1 (VS2022)

END.
